Copyright 1986-2018 Xilinx, Inc. All Rights Reserved.
--------------------------------------------------------------------------------------------------------------------------------------------------------------------------------------------------------
| Tool Version : Vivado v.2018.2 (win64) Build 2258646 Thu Jun 14 20:03:12 MDT 2018
| Date         : Fri Oct  7 16:39:29 2022
| Host         : DESKTOP-JI6E2KE running 64-bit major release  (build 9200)
| Command      : report_timing_summary -max_paths 10 -file Top_Student_timing_summary_routed.rpt -pb Top_Student_timing_summary_routed.pb -rpx Top_Student_timing_summary_routed.rpx -warn_on_violation
| Design       : Top_Student
| Device       : 7a35t-cpg236
| Speed File   : -1  PRODUCTION 1.22 2018-03-21
--------------------------------------------------------------------------------------------------------------------------------------------------------------------------------------------------------

Timing Summary Report

------------------------------------------------------------------------------------------------
| Timer Settings
| --------------
------------------------------------------------------------------------------------------------

  Enable Multi Corner Analysis               :  Yes
  Enable Pessimism Removal                   :  Yes
  Pessimism Removal Resolution               :  Nearest Common Node
  Enable Input Delay Default Clock           :  No
  Enable Preset / Clear Arcs                 :  No
  Disable Flight Delays                      :  No
  Ignore I/O Paths                           :  No
  Timing Early Launch at Borrowing Latches   :  false

  Corner  Analyze    Analyze    
  Name    Max Paths  Min Paths  
  ------  ---------  ---------  
  Slow    Yes        Yes        
  Fast    Yes        Yes        



check_timing report

Table of Contents
-----------------
1. checking no_clock
2. checking constant_clock
3. checking pulse_width_clock
4. checking unconstrained_internal_endpoints
5. checking no_input_delay
6. checking no_output_delay
7. checking multiple_clock
8. checking generated_clocks
9. checking loops
10. checking partial_input_delay
11. checking partial_output_delay
12. checking latch_loops

1. checking no_clock
--------------------
 There are 12 register/latch pins with no clock driven by root clock pin: sw[0] (HIGH)

 There are 12 register/latch pins with no clock driven by root clock pin: ac/sclk_reg/Q (HIGH)

 There are 12 register/latch pins with no clock driven by root clock pin: clk_10/CLK_OUT_reg/Q (HIGH)

 There are 24 register/latch pins with no clock driven by root clock pin: clk_20k/CLK_OUT_reg/Q (HIGH)

 There are 115 register/latch pins with no clock driven by root clock pin: clk_6p25/CLK_OUT_reg/Q (HIGH)


2. checking constant_clock
--------------------------
 There are 0 register/latch pins with constant_clock.


3. checking pulse_width_clock
-----------------------------
 There are 0 register/latch pins which need pulse_width check


4. checking unconstrained_internal_endpoints
--------------------------------------------
 There are 316 pins that are not constrained for maximum delay. (HIGH)

 There are 0 pins that are not constrained for maximum delay due to constant clock.


5. checking no_input_delay
--------------------------
 There are 2 input ports with no input delay specified. (HIGH)

 There are 0 input ports with no input delay but user has a false path constraint.


6. checking no_output_delay
---------------------------
 There are 20 ports with no output delay specified. (HIGH)

 There are 0 ports with no output delay but user has a false path constraint

 There are 0 ports with no output delay but with a timing clock defined on it or propagating through it


7. checking multiple_clock
--------------------------
 There are 0 register/latch pins with multiple clocks.


8. checking generated_clocks
----------------------------
 There are 0 generated clocks that are not connected to a clock source.


9. checking loops
-----------------
 There are 0 combinational loops in the design.


10. checking partial_input_delay
--------------------------------
 There are 0 input ports with partial input delay specified.


11. checking partial_output_delay
---------------------------------
 There are 0 ports with partial output delay specified.


12. checking latch_loops
------------------------
 There are 0 combinational latch loops in the design through latch input



------------------------------------------------------------------------------------------------
| Design Timing Summary
| ---------------------
------------------------------------------------------------------------------------------------

    WNS(ns)      TNS(ns)  TNS Failing Endpoints  TNS Total Endpoints      WHS(ns)      THS(ns)  THS Failing Endpoints  THS Total Endpoints     WPWS(ns)     TPWS(ns)  TPWS Failing Endpoints  TPWS Total Endpoints  
    -------      -------  ---------------------  -------------------      -------      -------  ---------------------  -------------------     --------     --------  ----------------------  --------------------  
      5.377        0.000                      0                  220        0.265        0.000                      0                  220        4.500        0.000                       0                   117  


All user specified timing constraints are met.


------------------------------------------------------------------------------------------------
| Clock Summary
| -------------
------------------------------------------------------------------------------------------------

Clock        Waveform(ns)       Period(ns)      Frequency(MHz)
-----        ------------       ----------      --------------
sys_clk_pin  {0.000 5.000}      10.000          100.000         


------------------------------------------------------------------------------------------------
| Intra Clock Table
| -----------------
------------------------------------------------------------------------------------------------

Clock             WNS(ns)      TNS(ns)  TNS Failing Endpoints  TNS Total Endpoints      WHS(ns)      THS(ns)  THS Failing Endpoints  THS Total Endpoints     WPWS(ns)     TPWS(ns)  TPWS Failing Endpoints  TPWS Total Endpoints  
-----             -------      -------  ---------------------  -------------------      -------      -------  ---------------------  -------------------     --------     --------  ----------------------  --------------------  
sys_clk_pin         5.377        0.000                      0                  220        0.265        0.000                      0                  220        4.500        0.000                       0                   117  


------------------------------------------------------------------------------------------------
| Inter Clock Table
| -----------------
------------------------------------------------------------------------------------------------

From Clock    To Clock          WNS(ns)      TNS(ns)  TNS Failing Endpoints  TNS Total Endpoints      WHS(ns)      THS(ns)  THS Failing Endpoints  THS Total Endpoints  
----------    --------          -------      -------  ---------------------  -------------------      -------      -------  ---------------------  -------------------  


------------------------------------------------------------------------------------------------
| Other Path Groups Table
| -----------------------
------------------------------------------------------------------------------------------------

Path Group    From Clock    To Clock          WNS(ns)      TNS(ns)  TNS Failing Endpoints  TNS Total Endpoints      WHS(ns)      THS(ns)  THS Failing Endpoints  THS Total Endpoints  
----------    ----------    --------          -------      -------  ---------------------  -------------------      -------      -------  ---------------------  -------------------  


------------------------------------------------------------------------------------------------
| Timing Details
| --------------
------------------------------------------------------------------------------------------------


---------------------------------------------------------------------------------------------------
From Clock:  sys_clk_pin
  To Clock:  sys_clk_pin

Setup :            0  Failing Endpoints,  Worst Slack        5.377ns,  Total Violation        0.000ns
Hold  :            0  Failing Endpoints,  Worst Slack        0.265ns,  Total Violation        0.000ns
PW    :            0  Failing Endpoints,  Worst Slack        4.500ns,  Total Violation        0.000ns
---------------------------------------------------------------------------------------------------


Max Delay Paths
--------------------------------------------------------------------------------------
Slack (MET) :             5.377ns  (required time - arrival time)
  Source:                 ac/count2_reg[7]/C
                            (rising edge-triggered cell FDRE clocked by sys_clk_pin  {rise@0.000ns fall@5.000ns period=10.000ns})
  Destination:            ac/sclk_reg/D
                            (rising edge-triggered cell FDRE clocked by sys_clk_pin  {rise@0.000ns fall@5.000ns period=10.000ns})
  Path Group:             sys_clk_pin
  Path Type:              Setup (Max at Slow Process Corner)
  Requirement:            10.000ns  (sys_clk_pin rise@10.000ns - sys_clk_pin rise@0.000ns)
  Data Path Delay:        4.578ns  (logic 1.492ns (32.589%)  route 3.086ns (67.411%))
  Logic Levels:           6  (LUT2=1 LUT6=5)
  Clock Path Skew:        -0.038ns (DCD - SCD + CPR)
    Destination Clock Delay (DCD):    5.008ns = ( 15.008 - 10.000 ) 
    Source Clock Delay      (SCD):    5.313ns
    Clock Pessimism Removal (CPR):    0.267ns
  Clock Uncertainty:      0.035ns  ((TSJ^2 + TIJ^2)^1/2 + DJ) / 2 + PE
    Total System Jitter     (TSJ):    0.071ns
    Total Input Jitter      (TIJ):    0.000ns
    Discrete Jitter          (DJ):    0.000ns
    Phase Error              (PE):    0.000ns

    Location             Delay type                Incr(ns)  Path(ns)    Netlist Resource(s)
  -------------------------------------------------------------------    -------------------
                         (clock sys_clk_pin rise edge)
                                                      0.000     0.000 r  
    W5                                                0.000     0.000 r  CLK100MHZ (IN)
                         net (fo=0)                   0.000     0.000    CLK100MHZ
    W5                   IBUF (Prop_ibuf_I_O)         1.458     1.458 r  CLK100MHZ_IBUF_inst/O
                         net (fo=1, routed)           1.967     3.425    CLK100MHZ_IBUF
    BUFGCTRL_X0Y0        BUFG (Prop_bufg_I_O)         0.096     3.521 r  CLK100MHZ_IBUF_BUFG_inst/O
                         net (fo=116, routed)         1.792     5.313    ac/CLK100MHZ_IBUF_BUFG
    SLICE_X2Y127         FDRE                                         r  ac/count2_reg[7]/C
  -------------------------------------------------------------------    -------------------
    SLICE_X2Y127         FDRE (Prop_fdre_C_Q)         0.518     5.831 f  ac/count2_reg[7]/Q
                         net (fo=10, routed)          1.039     6.870    ac/count2_reg[7]
    SLICE_X3Y126         LUT2 (Prop_lut2_I1_O)        0.152     7.022 r  ac/sclk_i_24/O
                         net (fo=1, routed)           0.436     7.459    ac/sclk_i_24_n_0
    SLICE_X3Y126         LUT6 (Prop_lut6_I0_O)        0.326     7.785 r  ac/sclk_i_23/O
                         net (fo=1, routed)           0.263     8.048    ac/sclk_i_23_n_0
    SLICE_X3Y126         LUT6 (Prop_lut6_I5_O)        0.124     8.172 r  ac/sclk_i_17/O
                         net (fo=1, routed)           0.600     8.772    ac/sclk_i_17_n_0
    SLICE_X4Y125         LUT6 (Prop_lut6_I1_O)        0.124     8.896 r  ac/sclk_i_13/O
                         net (fo=1, routed)           0.453     9.348    ac/sclk_i_13_n_0
    SLICE_X5Y125         LUT6 (Prop_lut6_I5_O)        0.124     9.472 r  ac/sclk_i_5/O
                         net (fo=1, routed)           0.295     9.768    ac/sclk_i_5_n_0
    SLICE_X5Y126         LUT6 (Prop_lut6_I4_O)        0.124     9.892 r  ac/sclk_i_1/O
                         net (fo=1, routed)           0.000     9.892    ac/sclk_i_1_n_0
    SLICE_X5Y126         FDRE                                         r  ac/sclk_reg/D
  -------------------------------------------------------------------    -------------------

                         (clock sys_clk_pin rise edge)
                                                     10.000    10.000 r  
    W5                                                0.000    10.000 r  CLK100MHZ (IN)
                         net (fo=0)                   0.000    10.000    CLK100MHZ
    W5                   IBUF (Prop_ibuf_I_O)         1.388    11.388 r  CLK100MHZ_IBUF_inst/O
                         net (fo=1, routed)           1.862    13.250    CLK100MHZ_IBUF
    BUFGCTRL_X0Y0        BUFG (Prop_bufg_I_O)         0.091    13.341 r  CLK100MHZ_IBUF_BUFG_inst/O
                         net (fo=116, routed)         1.667    15.008    ac/CLK100MHZ_IBUF_BUFG
    SLICE_X5Y126         FDRE                                         r  ac/sclk_reg/C
                         clock pessimism              0.267    15.275    
                         clock uncertainty           -0.035    15.240    
    SLICE_X5Y126         FDRE (Setup_fdre_C_D)        0.029    15.269    ac/sclk_reg
  -------------------------------------------------------------------
                         required time                         15.269    
                         arrival time                          -9.892    
  -------------------------------------------------------------------
                         slack                                  5.377    

Slack (MET) :             5.396ns  (required time - arrival time)
  Source:                 clk_6p25/my_seq_reg[11]/C
                            (rising edge-triggered cell FDRE clocked by sys_clk_pin  {rise@0.000ns fall@5.000ns period=10.000ns})
  Destination:            clk_6p25/my_seq_reg[28]/R
                            (rising edge-triggered cell FDRE clocked by sys_clk_pin  {rise@0.000ns fall@5.000ns period=10.000ns})
  Path Group:             sys_clk_pin
  Path Type:              Setup (Max at Slow Process Corner)
  Requirement:            10.000ns  (sys_clk_pin rise@10.000ns - sys_clk_pin rise@0.000ns)
  Data Path Delay:        4.021ns  (logic 0.890ns (22.136%)  route 3.131ns (77.864%))
  Logic Levels:           3  (LUT3=1 LUT5=1 LUT6=1)
  Clock Path Skew:        -0.024ns (DCD - SCD + CPR)
    Destination Clock Delay (DCD):    4.786ns = ( 14.786 - 10.000 ) 
    Source Clock Delay      (SCD):    5.085ns
    Clock Pessimism Removal (CPR):    0.275ns
  Clock Uncertainty:      0.035ns  ((TSJ^2 + TIJ^2)^1/2 + DJ) / 2 + PE
    Total System Jitter     (TSJ):    0.071ns
    Total Input Jitter      (TIJ):    0.000ns
    Discrete Jitter          (DJ):    0.000ns
    Phase Error              (PE):    0.000ns

    Location             Delay type                Incr(ns)  Path(ns)    Netlist Resource(s)
  -------------------------------------------------------------------    -------------------
                         (clock sys_clk_pin rise edge)
                                                      0.000     0.000 r  
    W5                                                0.000     0.000 r  CLK100MHZ (IN)
                         net (fo=0)                   0.000     0.000    CLK100MHZ
    W5                   IBUF (Prop_ibuf_I_O)         1.458     1.458 r  CLK100MHZ_IBUF_inst/O
                         net (fo=1, routed)           1.967     3.425    CLK100MHZ_IBUF
    BUFGCTRL_X0Y0        BUFG (Prop_bufg_I_O)         0.096     3.521 r  CLK100MHZ_IBUF_BUFG_inst/O
                         net (fo=116, routed)         1.564     5.085    clk_6p25/CLK100MHZ_IBUF_BUFG
    SLICE_X34Y44         FDRE                                         r  clk_6p25/my_seq_reg[11]/C
  -------------------------------------------------------------------    -------------------
    SLICE_X34Y44         FDRE (Prop_fdre_C_Q)         0.518     5.603 f  clk_6p25/my_seq_reg[11]/Q
                         net (fo=2, routed)           1.248     6.851    clk_6p25/my_seq_reg[11]
    SLICE_X35Y45         LUT6 (Prop_lut6_I1_O)        0.124     6.975 r  clk_6p25/my_seq[0]_i_7__0/O
                         net (fo=1, routed)           0.639     7.615    clk_6p25/my_seq[0]_i_7__0_n_0
    SLICE_X35Y46         LUT3 (Prop_lut3_I0_O)        0.124     7.739 r  clk_6p25/my_seq[0]_i_4/O
                         net (fo=2, routed)           0.307     8.046    clk_6p25/my_seq[0]_i_4_n_0
    SLICE_X35Y44         LUT5 (Prop_lut5_I3_O)        0.124     8.170 r  clk_6p25/my_seq[0]_i_1/O
                         net (fo=32, routed)          0.936     9.106    clk_6p25/my_seq[0]_i_1_n_0
    SLICE_X34Y49         FDRE                                         r  clk_6p25/my_seq_reg[28]/R
  -------------------------------------------------------------------    -------------------

                         (clock sys_clk_pin rise edge)
                                                     10.000    10.000 r  
    W5                                                0.000    10.000 r  CLK100MHZ (IN)
                         net (fo=0)                   0.000    10.000    CLK100MHZ
    W5                   IBUF (Prop_ibuf_I_O)         1.388    11.388 r  CLK100MHZ_IBUF_inst/O
                         net (fo=1, routed)           1.862    13.250    CLK100MHZ_IBUF
    BUFGCTRL_X0Y0        BUFG (Prop_bufg_I_O)         0.091    13.341 r  CLK100MHZ_IBUF_BUFG_inst/O
                         net (fo=116, routed)         1.445    14.786    clk_6p25/CLK100MHZ_IBUF_BUFG
    SLICE_X34Y49         FDRE                                         r  clk_6p25/my_seq_reg[28]/C
                         clock pessimism              0.275    15.061    
                         clock uncertainty           -0.035    15.026    
    SLICE_X34Y49         FDRE (Setup_fdre_C_R)       -0.524    14.502    clk_6p25/my_seq_reg[28]
  -------------------------------------------------------------------
                         required time                         14.502    
                         arrival time                          -9.106    
  -------------------------------------------------------------------
                         slack                                  5.396    

Slack (MET) :             5.396ns  (required time - arrival time)
  Source:                 clk_6p25/my_seq_reg[11]/C
                            (rising edge-triggered cell FDRE clocked by sys_clk_pin  {rise@0.000ns fall@5.000ns period=10.000ns})
  Destination:            clk_6p25/my_seq_reg[29]/R
                            (rising edge-triggered cell FDRE clocked by sys_clk_pin  {rise@0.000ns fall@5.000ns period=10.000ns})
  Path Group:             sys_clk_pin
  Path Type:              Setup (Max at Slow Process Corner)
  Requirement:            10.000ns  (sys_clk_pin rise@10.000ns - sys_clk_pin rise@0.000ns)
  Data Path Delay:        4.021ns  (logic 0.890ns (22.136%)  route 3.131ns (77.864%))
  Logic Levels:           3  (LUT3=1 LUT5=1 LUT6=1)
  Clock Path Skew:        -0.024ns (DCD - SCD + CPR)
    Destination Clock Delay (DCD):    4.786ns = ( 14.786 - 10.000 ) 
    Source Clock Delay      (SCD):    5.085ns
    Clock Pessimism Removal (CPR):    0.275ns
  Clock Uncertainty:      0.035ns  ((TSJ^2 + TIJ^2)^1/2 + DJ) / 2 + PE
    Total System Jitter     (TSJ):    0.071ns
    Total Input Jitter      (TIJ):    0.000ns
    Discrete Jitter          (DJ):    0.000ns
    Phase Error              (PE):    0.000ns

    Location             Delay type                Incr(ns)  Path(ns)    Netlist Resource(s)
  -------------------------------------------------------------------    -------------------
                         (clock sys_clk_pin rise edge)
                                                      0.000     0.000 r  
    W5                                                0.000     0.000 r  CLK100MHZ (IN)
                         net (fo=0)                   0.000     0.000    CLK100MHZ
    W5                   IBUF (Prop_ibuf_I_O)         1.458     1.458 r  CLK100MHZ_IBUF_inst/O
                         net (fo=1, routed)           1.967     3.425    CLK100MHZ_IBUF
    BUFGCTRL_X0Y0        BUFG (Prop_bufg_I_O)         0.096     3.521 r  CLK100MHZ_IBUF_BUFG_inst/O
                         net (fo=116, routed)         1.564     5.085    clk_6p25/CLK100MHZ_IBUF_BUFG
    SLICE_X34Y44         FDRE                                         r  clk_6p25/my_seq_reg[11]/C
  -------------------------------------------------------------------    -------------------
    SLICE_X34Y44         FDRE (Prop_fdre_C_Q)         0.518     5.603 f  clk_6p25/my_seq_reg[11]/Q
                         net (fo=2, routed)           1.248     6.851    clk_6p25/my_seq_reg[11]
    SLICE_X35Y45         LUT6 (Prop_lut6_I1_O)        0.124     6.975 r  clk_6p25/my_seq[0]_i_7__0/O
                         net (fo=1, routed)           0.639     7.615    clk_6p25/my_seq[0]_i_7__0_n_0
    SLICE_X35Y46         LUT3 (Prop_lut3_I0_O)        0.124     7.739 r  clk_6p25/my_seq[0]_i_4/O
                         net (fo=2, routed)           0.307     8.046    clk_6p25/my_seq[0]_i_4_n_0
    SLICE_X35Y44         LUT5 (Prop_lut5_I3_O)        0.124     8.170 r  clk_6p25/my_seq[0]_i_1/O
                         net (fo=32, routed)          0.936     9.106    clk_6p25/my_seq[0]_i_1_n_0
    SLICE_X34Y49         FDRE                                         r  clk_6p25/my_seq_reg[29]/R
  -------------------------------------------------------------------    -------------------

                         (clock sys_clk_pin rise edge)
                                                     10.000    10.000 r  
    W5                                                0.000    10.000 r  CLK100MHZ (IN)
                         net (fo=0)                   0.000    10.000    CLK100MHZ
    W5                   IBUF (Prop_ibuf_I_O)         1.388    11.388 r  CLK100MHZ_IBUF_inst/O
                         net (fo=1, routed)           1.862    13.250    CLK100MHZ_IBUF
    BUFGCTRL_X0Y0        BUFG (Prop_bufg_I_O)         0.091    13.341 r  CLK100MHZ_IBUF_BUFG_inst/O
                         net (fo=116, routed)         1.445    14.786    clk_6p25/CLK100MHZ_IBUF_BUFG
    SLICE_X34Y49         FDRE                                         r  clk_6p25/my_seq_reg[29]/C
                         clock pessimism              0.275    15.061    
                         clock uncertainty           -0.035    15.026    
    SLICE_X34Y49         FDRE (Setup_fdre_C_R)       -0.524    14.502    clk_6p25/my_seq_reg[29]
  -------------------------------------------------------------------
                         required time                         14.502    
                         arrival time                          -9.106    
  -------------------------------------------------------------------
                         slack                                  5.396    

Slack (MET) :             5.396ns  (required time - arrival time)
  Source:                 clk_6p25/my_seq_reg[11]/C
                            (rising edge-triggered cell FDRE clocked by sys_clk_pin  {rise@0.000ns fall@5.000ns period=10.000ns})
  Destination:            clk_6p25/my_seq_reg[30]/R
                            (rising edge-triggered cell FDRE clocked by sys_clk_pin  {rise@0.000ns fall@5.000ns period=10.000ns})
  Path Group:             sys_clk_pin
  Path Type:              Setup (Max at Slow Process Corner)
  Requirement:            10.000ns  (sys_clk_pin rise@10.000ns - sys_clk_pin rise@0.000ns)
  Data Path Delay:        4.021ns  (logic 0.890ns (22.136%)  route 3.131ns (77.864%))
  Logic Levels:           3  (LUT3=1 LUT5=1 LUT6=1)
  Clock Path Skew:        -0.024ns (DCD - SCD + CPR)
    Destination Clock Delay (DCD):    4.786ns = ( 14.786 - 10.000 ) 
    Source Clock Delay      (SCD):    5.085ns
    Clock Pessimism Removal (CPR):    0.275ns
  Clock Uncertainty:      0.035ns  ((TSJ^2 + TIJ^2)^1/2 + DJ) / 2 + PE
    Total System Jitter     (TSJ):    0.071ns
    Total Input Jitter      (TIJ):    0.000ns
    Discrete Jitter          (DJ):    0.000ns
    Phase Error              (PE):    0.000ns

    Location             Delay type                Incr(ns)  Path(ns)    Netlist Resource(s)
  -------------------------------------------------------------------    -------------------
                         (clock sys_clk_pin rise edge)
                                                      0.000     0.000 r  
    W5                                                0.000     0.000 r  CLK100MHZ (IN)
                         net (fo=0)                   0.000     0.000    CLK100MHZ
    W5                   IBUF (Prop_ibuf_I_O)         1.458     1.458 r  CLK100MHZ_IBUF_inst/O
                         net (fo=1, routed)           1.967     3.425    CLK100MHZ_IBUF
    BUFGCTRL_X0Y0        BUFG (Prop_bufg_I_O)         0.096     3.521 r  CLK100MHZ_IBUF_BUFG_inst/O
                         net (fo=116, routed)         1.564     5.085    clk_6p25/CLK100MHZ_IBUF_BUFG
    SLICE_X34Y44         FDRE                                         r  clk_6p25/my_seq_reg[11]/C
  -------------------------------------------------------------------    -------------------
    SLICE_X34Y44         FDRE (Prop_fdre_C_Q)         0.518     5.603 f  clk_6p25/my_seq_reg[11]/Q
                         net (fo=2, routed)           1.248     6.851    clk_6p25/my_seq_reg[11]
    SLICE_X35Y45         LUT6 (Prop_lut6_I1_O)        0.124     6.975 r  clk_6p25/my_seq[0]_i_7__0/O
                         net (fo=1, routed)           0.639     7.615    clk_6p25/my_seq[0]_i_7__0_n_0
    SLICE_X35Y46         LUT3 (Prop_lut3_I0_O)        0.124     7.739 r  clk_6p25/my_seq[0]_i_4/O
                         net (fo=2, routed)           0.307     8.046    clk_6p25/my_seq[0]_i_4_n_0
    SLICE_X35Y44         LUT5 (Prop_lut5_I3_O)        0.124     8.170 r  clk_6p25/my_seq[0]_i_1/O
                         net (fo=32, routed)          0.936     9.106    clk_6p25/my_seq[0]_i_1_n_0
    SLICE_X34Y49         FDRE                                         r  clk_6p25/my_seq_reg[30]/R
  -------------------------------------------------------------------    -------------------

                         (clock sys_clk_pin rise edge)
                                                     10.000    10.000 r  
    W5                                                0.000    10.000 r  CLK100MHZ (IN)
                         net (fo=0)                   0.000    10.000    CLK100MHZ
    W5                   IBUF (Prop_ibuf_I_O)         1.388    11.388 r  CLK100MHZ_IBUF_inst/O
                         net (fo=1, routed)           1.862    13.250    CLK100MHZ_IBUF
    BUFGCTRL_X0Y0        BUFG (Prop_bufg_I_O)         0.091    13.341 r  CLK100MHZ_IBUF_BUFG_inst/O
                         net (fo=116, routed)         1.445    14.786    clk_6p25/CLK100MHZ_IBUF_BUFG
    SLICE_X34Y49         FDRE                                         r  clk_6p25/my_seq_reg[30]/C
                         clock pessimism              0.275    15.061    
                         clock uncertainty           -0.035    15.026    
    SLICE_X34Y49         FDRE (Setup_fdre_C_R)       -0.524    14.502    clk_6p25/my_seq_reg[30]
  -------------------------------------------------------------------
                         required time                         14.502    
                         arrival time                          -9.106    
  -------------------------------------------------------------------
                         slack                                  5.396    

Slack (MET) :             5.396ns  (required time - arrival time)
  Source:                 clk_6p25/my_seq_reg[11]/C
                            (rising edge-triggered cell FDRE clocked by sys_clk_pin  {rise@0.000ns fall@5.000ns period=10.000ns})
  Destination:            clk_6p25/my_seq_reg[31]/R
                            (rising edge-triggered cell FDRE clocked by sys_clk_pin  {rise@0.000ns fall@5.000ns period=10.000ns})
  Path Group:             sys_clk_pin
  Path Type:              Setup (Max at Slow Process Corner)
  Requirement:            10.000ns  (sys_clk_pin rise@10.000ns - sys_clk_pin rise@0.000ns)
  Data Path Delay:        4.021ns  (logic 0.890ns (22.136%)  route 3.131ns (77.864%))
  Logic Levels:           3  (LUT3=1 LUT5=1 LUT6=1)
  Clock Path Skew:        -0.024ns (DCD - SCD + CPR)
    Destination Clock Delay (DCD):    4.786ns = ( 14.786 - 10.000 ) 
    Source Clock Delay      (SCD):    5.085ns
    Clock Pessimism Removal (CPR):    0.275ns
  Clock Uncertainty:      0.035ns  ((TSJ^2 + TIJ^2)^1/2 + DJ) / 2 + PE
    Total System Jitter     (TSJ):    0.071ns
    Total Input Jitter      (TIJ):    0.000ns
    Discrete Jitter          (DJ):    0.000ns
    Phase Error              (PE):    0.000ns

    Location             Delay type                Incr(ns)  Path(ns)    Netlist Resource(s)
  -------------------------------------------------------------------    -------------------
                         (clock sys_clk_pin rise edge)
                                                      0.000     0.000 r  
    W5                                                0.000     0.000 r  CLK100MHZ (IN)
                         net (fo=0)                   0.000     0.000    CLK100MHZ
    W5                   IBUF (Prop_ibuf_I_O)         1.458     1.458 r  CLK100MHZ_IBUF_inst/O
                         net (fo=1, routed)           1.967     3.425    CLK100MHZ_IBUF
    BUFGCTRL_X0Y0        BUFG (Prop_bufg_I_O)         0.096     3.521 r  CLK100MHZ_IBUF_BUFG_inst/O
                         net (fo=116, routed)         1.564     5.085    clk_6p25/CLK100MHZ_IBUF_BUFG
    SLICE_X34Y44         FDRE                                         r  clk_6p25/my_seq_reg[11]/C
  -------------------------------------------------------------------    -------------------
    SLICE_X34Y44         FDRE (Prop_fdre_C_Q)         0.518     5.603 f  clk_6p25/my_seq_reg[11]/Q
                         net (fo=2, routed)           1.248     6.851    clk_6p25/my_seq_reg[11]
    SLICE_X35Y45         LUT6 (Prop_lut6_I1_O)        0.124     6.975 r  clk_6p25/my_seq[0]_i_7__0/O
                         net (fo=1, routed)           0.639     7.615    clk_6p25/my_seq[0]_i_7__0_n_0
    SLICE_X35Y46         LUT3 (Prop_lut3_I0_O)        0.124     7.739 r  clk_6p25/my_seq[0]_i_4/O
                         net (fo=2, routed)           0.307     8.046    clk_6p25/my_seq[0]_i_4_n_0
    SLICE_X35Y44         LUT5 (Prop_lut5_I3_O)        0.124     8.170 r  clk_6p25/my_seq[0]_i_1/O
                         net (fo=32, routed)          0.936     9.106    clk_6p25/my_seq[0]_i_1_n_0
    SLICE_X34Y49         FDRE                                         r  clk_6p25/my_seq_reg[31]/R
  -------------------------------------------------------------------    -------------------

                         (clock sys_clk_pin rise edge)
                                                     10.000    10.000 r  
    W5                                                0.000    10.000 r  CLK100MHZ (IN)
                         net (fo=0)                   0.000    10.000    CLK100MHZ
    W5                   IBUF (Prop_ibuf_I_O)         1.388    11.388 r  CLK100MHZ_IBUF_inst/O
                         net (fo=1, routed)           1.862    13.250    CLK100MHZ_IBUF
    BUFGCTRL_X0Y0        BUFG (Prop_bufg_I_O)         0.091    13.341 r  CLK100MHZ_IBUF_BUFG_inst/O
                         net (fo=116, routed)         1.445    14.786    clk_6p25/CLK100MHZ_IBUF_BUFG
    SLICE_X34Y49         FDRE                                         r  clk_6p25/my_seq_reg[31]/C
                         clock pessimism              0.275    15.061    
                         clock uncertainty           -0.035    15.026    
    SLICE_X34Y49         FDRE (Setup_fdre_C_R)       -0.524    14.502    clk_6p25/my_seq_reg[31]
  -------------------------------------------------------------------
                         required time                         14.502    
                         arrival time                          -9.106    
  -------------------------------------------------------------------
                         slack                                  5.396    

Slack (MET) :             5.439ns  (required time - arrival time)
  Source:                 clk_6p25/my_seq_reg[11]/C
                            (rising edge-triggered cell FDRE clocked by sys_clk_pin  {rise@0.000ns fall@5.000ns period=10.000ns})
  Destination:            clk_6p25/my_seq_reg[0]/R
                            (rising edge-triggered cell FDRE clocked by sys_clk_pin  {rise@0.000ns fall@5.000ns period=10.000ns})
  Path Group:             sys_clk_pin
  Path Type:              Setup (Max at Slow Process Corner)
  Requirement:            10.000ns  (sys_clk_pin rise@10.000ns - sys_clk_pin rise@0.000ns)
  Data Path Delay:        3.975ns  (logic 0.890ns (22.387%)  route 3.085ns (77.613%))
  Logic Levels:           3  (LUT3=1 LUT5=1 LUT6=1)
  Clock Path Skew:        -0.026ns (DCD - SCD + CPR)
    Destination Clock Delay (DCD):    4.784ns = ( 14.784 - 10.000 ) 
    Source Clock Delay      (SCD):    5.085ns
    Clock Pessimism Removal (CPR):    0.275ns
  Clock Uncertainty:      0.035ns  ((TSJ^2 + TIJ^2)^1/2 + DJ) / 2 + PE
    Total System Jitter     (TSJ):    0.071ns
    Total Input Jitter      (TIJ):    0.000ns
    Discrete Jitter          (DJ):    0.000ns
    Phase Error              (PE):    0.000ns

    Location             Delay type                Incr(ns)  Path(ns)    Netlist Resource(s)
  -------------------------------------------------------------------    -------------------
                         (clock sys_clk_pin rise edge)
                                                      0.000     0.000 r  
    W5                                                0.000     0.000 r  CLK100MHZ (IN)
                         net (fo=0)                   0.000     0.000    CLK100MHZ
    W5                   IBUF (Prop_ibuf_I_O)         1.458     1.458 r  CLK100MHZ_IBUF_inst/O
                         net (fo=1, routed)           1.967     3.425    CLK100MHZ_IBUF
    BUFGCTRL_X0Y0        BUFG (Prop_bufg_I_O)         0.096     3.521 r  CLK100MHZ_IBUF_BUFG_inst/O
                         net (fo=116, routed)         1.564     5.085    clk_6p25/CLK100MHZ_IBUF_BUFG
    SLICE_X34Y44         FDRE                                         r  clk_6p25/my_seq_reg[11]/C
  -------------------------------------------------------------------    -------------------
    SLICE_X34Y44         FDRE (Prop_fdre_C_Q)         0.518     5.603 f  clk_6p25/my_seq_reg[11]/Q
                         net (fo=2, routed)           1.248     6.851    clk_6p25/my_seq_reg[11]
    SLICE_X35Y45         LUT6 (Prop_lut6_I1_O)        0.124     6.975 r  clk_6p25/my_seq[0]_i_7__0/O
                         net (fo=1, routed)           0.639     7.615    clk_6p25/my_seq[0]_i_7__0_n_0
    SLICE_X35Y46         LUT3 (Prop_lut3_I0_O)        0.124     7.739 r  clk_6p25/my_seq[0]_i_4/O
                         net (fo=2, routed)           0.307     8.046    clk_6p25/my_seq[0]_i_4_n_0
    SLICE_X35Y44         LUT5 (Prop_lut5_I3_O)        0.124     8.170 r  clk_6p25/my_seq[0]_i_1/O
                         net (fo=32, routed)          0.891     9.061    clk_6p25/my_seq[0]_i_1_n_0
    SLICE_X34Y42         FDRE                                         r  clk_6p25/my_seq_reg[0]/R
  -------------------------------------------------------------------    -------------------

                         (clock sys_clk_pin rise edge)
                                                     10.000    10.000 r  
    W5                                                0.000    10.000 r  CLK100MHZ (IN)
                         net (fo=0)                   0.000    10.000    CLK100MHZ
    W5                   IBUF (Prop_ibuf_I_O)         1.388    11.388 r  CLK100MHZ_IBUF_inst/O
                         net (fo=1, routed)           1.862    13.250    CLK100MHZ_IBUF
    BUFGCTRL_X0Y0        BUFG (Prop_bufg_I_O)         0.091    13.341 r  CLK100MHZ_IBUF_BUFG_inst/O
                         net (fo=116, routed)         1.443    14.784    clk_6p25/CLK100MHZ_IBUF_BUFG
    SLICE_X34Y42         FDRE                                         r  clk_6p25/my_seq_reg[0]/C
                         clock pessimism              0.275    15.059    
                         clock uncertainty           -0.035    15.024    
    SLICE_X34Y42         FDRE (Setup_fdre_C_R)       -0.524    14.500    clk_6p25/my_seq_reg[0]
  -------------------------------------------------------------------
                         required time                         14.500    
                         arrival time                          -9.061    
  -------------------------------------------------------------------
                         slack                                  5.439    

Slack (MET) :             5.439ns  (required time - arrival time)
  Source:                 clk_6p25/my_seq_reg[11]/C
                            (rising edge-triggered cell FDRE clocked by sys_clk_pin  {rise@0.000ns fall@5.000ns period=10.000ns})
  Destination:            clk_6p25/my_seq_reg[1]/R
                            (rising edge-triggered cell FDRE clocked by sys_clk_pin  {rise@0.000ns fall@5.000ns period=10.000ns})
  Path Group:             sys_clk_pin
  Path Type:              Setup (Max at Slow Process Corner)
  Requirement:            10.000ns  (sys_clk_pin rise@10.000ns - sys_clk_pin rise@0.000ns)
  Data Path Delay:        3.975ns  (logic 0.890ns (22.387%)  route 3.085ns (77.613%))
  Logic Levels:           3  (LUT3=1 LUT5=1 LUT6=1)
  Clock Path Skew:        -0.026ns (DCD - SCD + CPR)
    Destination Clock Delay (DCD):    4.784ns = ( 14.784 - 10.000 ) 
    Source Clock Delay      (SCD):    5.085ns
    Clock Pessimism Removal (CPR):    0.275ns
  Clock Uncertainty:      0.035ns  ((TSJ^2 + TIJ^2)^1/2 + DJ) / 2 + PE
    Total System Jitter     (TSJ):    0.071ns
    Total Input Jitter      (TIJ):    0.000ns
    Discrete Jitter          (DJ):    0.000ns
    Phase Error              (PE):    0.000ns

    Location             Delay type                Incr(ns)  Path(ns)    Netlist Resource(s)
  -------------------------------------------------------------------    -------------------
                         (clock sys_clk_pin rise edge)
                                                      0.000     0.000 r  
    W5                                                0.000     0.000 r  CLK100MHZ (IN)
                         net (fo=0)                   0.000     0.000    CLK100MHZ
    W5                   IBUF (Prop_ibuf_I_O)         1.458     1.458 r  CLK100MHZ_IBUF_inst/O
                         net (fo=1, routed)           1.967     3.425    CLK100MHZ_IBUF
    BUFGCTRL_X0Y0        BUFG (Prop_bufg_I_O)         0.096     3.521 r  CLK100MHZ_IBUF_BUFG_inst/O
                         net (fo=116, routed)         1.564     5.085    clk_6p25/CLK100MHZ_IBUF_BUFG
    SLICE_X34Y44         FDRE                                         r  clk_6p25/my_seq_reg[11]/C
  -------------------------------------------------------------------    -------------------
    SLICE_X34Y44         FDRE (Prop_fdre_C_Q)         0.518     5.603 f  clk_6p25/my_seq_reg[11]/Q
                         net (fo=2, routed)           1.248     6.851    clk_6p25/my_seq_reg[11]
    SLICE_X35Y45         LUT6 (Prop_lut6_I1_O)        0.124     6.975 r  clk_6p25/my_seq[0]_i_7__0/O
                         net (fo=1, routed)           0.639     7.615    clk_6p25/my_seq[0]_i_7__0_n_0
    SLICE_X35Y46         LUT3 (Prop_lut3_I0_O)        0.124     7.739 r  clk_6p25/my_seq[0]_i_4/O
                         net (fo=2, routed)           0.307     8.046    clk_6p25/my_seq[0]_i_4_n_0
    SLICE_X35Y44         LUT5 (Prop_lut5_I3_O)        0.124     8.170 r  clk_6p25/my_seq[0]_i_1/O
                         net (fo=32, routed)          0.891     9.061    clk_6p25/my_seq[0]_i_1_n_0
    SLICE_X34Y42         FDRE                                         r  clk_6p25/my_seq_reg[1]/R
  -------------------------------------------------------------------    -------------------

                         (clock sys_clk_pin rise edge)
                                                     10.000    10.000 r  
    W5                                                0.000    10.000 r  CLK100MHZ (IN)
                         net (fo=0)                   0.000    10.000    CLK100MHZ
    W5                   IBUF (Prop_ibuf_I_O)         1.388    11.388 r  CLK100MHZ_IBUF_inst/O
                         net (fo=1, routed)           1.862    13.250    CLK100MHZ_IBUF
    BUFGCTRL_X0Y0        BUFG (Prop_bufg_I_O)         0.091    13.341 r  CLK100MHZ_IBUF_BUFG_inst/O
                         net (fo=116, routed)         1.443    14.784    clk_6p25/CLK100MHZ_IBUF_BUFG
    SLICE_X34Y42         FDRE                                         r  clk_6p25/my_seq_reg[1]/C
                         clock pessimism              0.275    15.059    
                         clock uncertainty           -0.035    15.024    
    SLICE_X34Y42         FDRE (Setup_fdre_C_R)       -0.524    14.500    clk_6p25/my_seq_reg[1]
  -------------------------------------------------------------------
                         required time                         14.500    
                         arrival time                          -9.061    
  -------------------------------------------------------------------
                         slack                                  5.439    

Slack (MET) :             5.439ns  (required time - arrival time)
  Source:                 clk_6p25/my_seq_reg[11]/C
                            (rising edge-triggered cell FDRE clocked by sys_clk_pin  {rise@0.000ns fall@5.000ns period=10.000ns})
  Destination:            clk_6p25/my_seq_reg[2]/R
                            (rising edge-triggered cell FDRE clocked by sys_clk_pin  {rise@0.000ns fall@5.000ns period=10.000ns})
  Path Group:             sys_clk_pin
  Path Type:              Setup (Max at Slow Process Corner)
  Requirement:            10.000ns  (sys_clk_pin rise@10.000ns - sys_clk_pin rise@0.000ns)
  Data Path Delay:        3.975ns  (logic 0.890ns (22.387%)  route 3.085ns (77.613%))
  Logic Levels:           3  (LUT3=1 LUT5=1 LUT6=1)
  Clock Path Skew:        -0.026ns (DCD - SCD + CPR)
    Destination Clock Delay (DCD):    4.784ns = ( 14.784 - 10.000 ) 
    Source Clock Delay      (SCD):    5.085ns
    Clock Pessimism Removal (CPR):    0.275ns
  Clock Uncertainty:      0.035ns  ((TSJ^2 + TIJ^2)^1/2 + DJ) / 2 + PE
    Total System Jitter     (TSJ):    0.071ns
    Total Input Jitter      (TIJ):    0.000ns
    Discrete Jitter          (DJ):    0.000ns
    Phase Error              (PE):    0.000ns

    Location             Delay type                Incr(ns)  Path(ns)    Netlist Resource(s)
  -------------------------------------------------------------------    -------------------
                         (clock sys_clk_pin rise edge)
                                                      0.000     0.000 r  
    W5                                                0.000     0.000 r  CLK100MHZ (IN)
                         net (fo=0)                   0.000     0.000    CLK100MHZ
    W5                   IBUF (Prop_ibuf_I_O)         1.458     1.458 r  CLK100MHZ_IBUF_inst/O
                         net (fo=1, routed)           1.967     3.425    CLK100MHZ_IBUF
    BUFGCTRL_X0Y0        BUFG (Prop_bufg_I_O)         0.096     3.521 r  CLK100MHZ_IBUF_BUFG_inst/O
                         net (fo=116, routed)         1.564     5.085    clk_6p25/CLK100MHZ_IBUF_BUFG
    SLICE_X34Y44         FDRE                                         r  clk_6p25/my_seq_reg[11]/C
  -------------------------------------------------------------------    -------------------
    SLICE_X34Y44         FDRE (Prop_fdre_C_Q)         0.518     5.603 f  clk_6p25/my_seq_reg[11]/Q
                         net (fo=2, routed)           1.248     6.851    clk_6p25/my_seq_reg[11]
    SLICE_X35Y45         LUT6 (Prop_lut6_I1_O)        0.124     6.975 r  clk_6p25/my_seq[0]_i_7__0/O
                         net (fo=1, routed)           0.639     7.615    clk_6p25/my_seq[0]_i_7__0_n_0
    SLICE_X35Y46         LUT3 (Prop_lut3_I0_O)        0.124     7.739 r  clk_6p25/my_seq[0]_i_4/O
                         net (fo=2, routed)           0.307     8.046    clk_6p25/my_seq[0]_i_4_n_0
    SLICE_X35Y44         LUT5 (Prop_lut5_I3_O)        0.124     8.170 r  clk_6p25/my_seq[0]_i_1/O
                         net (fo=32, routed)          0.891     9.061    clk_6p25/my_seq[0]_i_1_n_0
    SLICE_X34Y42         FDRE                                         r  clk_6p25/my_seq_reg[2]/R
  -------------------------------------------------------------------    -------------------

                         (clock sys_clk_pin rise edge)
                                                     10.000    10.000 r  
    W5                                                0.000    10.000 r  CLK100MHZ (IN)
                         net (fo=0)                   0.000    10.000    CLK100MHZ
    W5                   IBUF (Prop_ibuf_I_O)         1.388    11.388 r  CLK100MHZ_IBUF_inst/O
                         net (fo=1, routed)           1.862    13.250    CLK100MHZ_IBUF
    BUFGCTRL_X0Y0        BUFG (Prop_bufg_I_O)         0.091    13.341 r  CLK100MHZ_IBUF_BUFG_inst/O
                         net (fo=116, routed)         1.443    14.784    clk_6p25/CLK100MHZ_IBUF_BUFG
    SLICE_X34Y42         FDRE                                         r  clk_6p25/my_seq_reg[2]/C
                         clock pessimism              0.275    15.059    
                         clock uncertainty           -0.035    15.024    
    SLICE_X34Y42         FDRE (Setup_fdre_C_R)       -0.524    14.500    clk_6p25/my_seq_reg[2]
  -------------------------------------------------------------------
                         required time                         14.500    
                         arrival time                          -9.061    
  -------------------------------------------------------------------
                         slack                                  5.439    

Slack (MET) :             5.439ns  (required time - arrival time)
  Source:                 clk_6p25/my_seq_reg[11]/C
                            (rising edge-triggered cell FDRE clocked by sys_clk_pin  {rise@0.000ns fall@5.000ns period=10.000ns})
  Destination:            clk_6p25/my_seq_reg[3]/R
                            (rising edge-triggered cell FDRE clocked by sys_clk_pin  {rise@0.000ns fall@5.000ns period=10.000ns})
  Path Group:             sys_clk_pin
  Path Type:              Setup (Max at Slow Process Corner)
  Requirement:            10.000ns  (sys_clk_pin rise@10.000ns - sys_clk_pin rise@0.000ns)
  Data Path Delay:        3.975ns  (logic 0.890ns (22.387%)  route 3.085ns (77.613%))
  Logic Levels:           3  (LUT3=1 LUT5=1 LUT6=1)
  Clock Path Skew:        -0.026ns (DCD - SCD + CPR)
    Destination Clock Delay (DCD):    4.784ns = ( 14.784 - 10.000 ) 
    Source Clock Delay      (SCD):    5.085ns
    Clock Pessimism Removal (CPR):    0.275ns
  Clock Uncertainty:      0.035ns  ((TSJ^2 + TIJ^2)^1/2 + DJ) / 2 + PE
    Total System Jitter     (TSJ):    0.071ns
    Total Input Jitter      (TIJ):    0.000ns
    Discrete Jitter          (DJ):    0.000ns
    Phase Error              (PE):    0.000ns

    Location             Delay type                Incr(ns)  Path(ns)    Netlist Resource(s)
  -------------------------------------------------------------------    -------------------
                         (clock sys_clk_pin rise edge)
                                                      0.000     0.000 r  
    W5                                                0.000     0.000 r  CLK100MHZ (IN)
                         net (fo=0)                   0.000     0.000    CLK100MHZ
    W5                   IBUF (Prop_ibuf_I_O)         1.458     1.458 r  CLK100MHZ_IBUF_inst/O
                         net (fo=1, routed)           1.967     3.425    CLK100MHZ_IBUF
    BUFGCTRL_X0Y0        BUFG (Prop_bufg_I_O)         0.096     3.521 r  CLK100MHZ_IBUF_BUFG_inst/O
                         net (fo=116, routed)         1.564     5.085    clk_6p25/CLK100MHZ_IBUF_BUFG
    SLICE_X34Y44         FDRE                                         r  clk_6p25/my_seq_reg[11]/C
  -------------------------------------------------------------------    -------------------
    SLICE_X34Y44         FDRE (Prop_fdre_C_Q)         0.518     5.603 f  clk_6p25/my_seq_reg[11]/Q
                         net (fo=2, routed)           1.248     6.851    clk_6p25/my_seq_reg[11]
    SLICE_X35Y45         LUT6 (Prop_lut6_I1_O)        0.124     6.975 r  clk_6p25/my_seq[0]_i_7__0/O
                         net (fo=1, routed)           0.639     7.615    clk_6p25/my_seq[0]_i_7__0_n_0
    SLICE_X35Y46         LUT3 (Prop_lut3_I0_O)        0.124     7.739 r  clk_6p25/my_seq[0]_i_4/O
                         net (fo=2, routed)           0.307     8.046    clk_6p25/my_seq[0]_i_4_n_0
    SLICE_X35Y44         LUT5 (Prop_lut5_I3_O)        0.124     8.170 r  clk_6p25/my_seq[0]_i_1/O
                         net (fo=32, routed)          0.891     9.061    clk_6p25/my_seq[0]_i_1_n_0
    SLICE_X34Y42         FDRE                                         r  clk_6p25/my_seq_reg[3]/R
  -------------------------------------------------------------------    -------------------

                         (clock sys_clk_pin rise edge)
                                                     10.000    10.000 r  
    W5                                                0.000    10.000 r  CLK100MHZ (IN)
                         net (fo=0)                   0.000    10.000    CLK100MHZ
    W5                   IBUF (Prop_ibuf_I_O)         1.388    11.388 r  CLK100MHZ_IBUF_inst/O
                         net (fo=1, routed)           1.862    13.250    CLK100MHZ_IBUF
    BUFGCTRL_X0Y0        BUFG (Prop_bufg_I_O)         0.091    13.341 r  CLK100MHZ_IBUF_BUFG_inst/O
                         net (fo=116, routed)         1.443    14.784    clk_6p25/CLK100MHZ_IBUF_BUFG
    SLICE_X34Y42         FDRE                                         r  clk_6p25/my_seq_reg[3]/C
                         clock pessimism              0.275    15.059    
                         clock uncertainty           -0.035    15.024    
    SLICE_X34Y42         FDRE (Setup_fdre_C_R)       -0.524    14.500    clk_6p25/my_seq_reg[3]
  -------------------------------------------------------------------
                         required time                         14.500    
                         arrival time                          -9.061    
  -------------------------------------------------------------------
                         slack                                  5.439    

Slack (MET) :             5.534ns  (required time - arrival time)
  Source:                 clk_6p25/my_seq_reg[11]/C
                            (rising edge-triggered cell FDRE clocked by sys_clk_pin  {rise@0.000ns fall@5.000ns period=10.000ns})
  Destination:            clk_6p25/my_seq_reg[24]/R
                            (rising edge-triggered cell FDRE clocked by sys_clk_pin  {rise@0.000ns fall@5.000ns period=10.000ns})
  Path Group:             sys_clk_pin
  Path Type:              Setup (Max at Slow Process Corner)
  Requirement:            10.000ns  (sys_clk_pin rise@10.000ns - sys_clk_pin rise@0.000ns)
  Data Path Delay:        3.882ns  (logic 0.890ns (22.925%)  route 2.992ns (77.075%))
  Logic Levels:           3  (LUT3=1 LUT5=1 LUT6=1)
  Clock Path Skew:        -0.024ns (DCD - SCD + CPR)
    Destination Clock Delay (DCD):    4.786ns = ( 14.786 - 10.000 ) 
    Source Clock Delay      (SCD):    5.085ns
    Clock Pessimism Removal (CPR):    0.275ns
  Clock Uncertainty:      0.035ns  ((TSJ^2 + TIJ^2)^1/2 + DJ) / 2 + PE
    Total System Jitter     (TSJ):    0.071ns
    Total Input Jitter      (TIJ):    0.000ns
    Discrete Jitter          (DJ):    0.000ns
    Phase Error              (PE):    0.000ns

    Location             Delay type                Incr(ns)  Path(ns)    Netlist Resource(s)
  -------------------------------------------------------------------    -------------------
                         (clock sys_clk_pin rise edge)
                                                      0.000     0.000 r  
    W5                                                0.000     0.000 r  CLK100MHZ (IN)
                         net (fo=0)                   0.000     0.000    CLK100MHZ
    W5                   IBUF (Prop_ibuf_I_O)         1.458     1.458 r  CLK100MHZ_IBUF_inst/O
                         net (fo=1, routed)           1.967     3.425    CLK100MHZ_IBUF
    BUFGCTRL_X0Y0        BUFG (Prop_bufg_I_O)         0.096     3.521 r  CLK100MHZ_IBUF_BUFG_inst/O
                         net (fo=116, routed)         1.564     5.085    clk_6p25/CLK100MHZ_IBUF_BUFG
    SLICE_X34Y44         FDRE                                         r  clk_6p25/my_seq_reg[11]/C
  -------------------------------------------------------------------    -------------------
    SLICE_X34Y44         FDRE (Prop_fdre_C_Q)         0.518     5.603 f  clk_6p25/my_seq_reg[11]/Q
                         net (fo=2, routed)           1.248     6.851    clk_6p25/my_seq_reg[11]
    SLICE_X35Y45         LUT6 (Prop_lut6_I1_O)        0.124     6.975 r  clk_6p25/my_seq[0]_i_7__0/O
                         net (fo=1, routed)           0.639     7.615    clk_6p25/my_seq[0]_i_7__0_n_0
    SLICE_X35Y46         LUT3 (Prop_lut3_I0_O)        0.124     7.739 r  clk_6p25/my_seq[0]_i_4/O
                         net (fo=2, routed)           0.307     8.046    clk_6p25/my_seq[0]_i_4_n_0
    SLICE_X35Y44         LUT5 (Prop_lut5_I3_O)        0.124     8.170 r  clk_6p25/my_seq[0]_i_1/O
                         net (fo=32, routed)          0.797     8.968    clk_6p25/my_seq[0]_i_1_n_0
    SLICE_X34Y48         FDRE                                         r  clk_6p25/my_seq_reg[24]/R
  -------------------------------------------------------------------    -------------------

                         (clock sys_clk_pin rise edge)
                                                     10.000    10.000 r  
    W5                                                0.000    10.000 r  CLK100MHZ (IN)
                         net (fo=0)                   0.000    10.000    CLK100MHZ
    W5                   IBUF (Prop_ibuf_I_O)         1.388    11.388 r  CLK100MHZ_IBUF_inst/O
                         net (fo=1, routed)           1.862    13.250    CLK100MHZ_IBUF
    BUFGCTRL_X0Y0        BUFG (Prop_bufg_I_O)         0.091    13.341 r  CLK100MHZ_IBUF_BUFG_inst/O
                         net (fo=116, routed)         1.445    14.786    clk_6p25/CLK100MHZ_IBUF_BUFG
    SLICE_X34Y48         FDRE                                         r  clk_6p25/my_seq_reg[24]/C
                         clock pessimism              0.275    15.061    
                         clock uncertainty           -0.035    15.026    
    SLICE_X34Y48         FDRE (Setup_fdre_C_R)       -0.524    14.502    clk_6p25/my_seq_reg[24]
  -------------------------------------------------------------------
                         required time                         14.502    
                         arrival time                          -8.968    
  -------------------------------------------------------------------
                         slack                                  5.534    





Min Delay Paths
--------------------------------------------------------------------------------------
Slack (MET) :             0.265ns  (arrival time - required time)
  Source:                 clk_6p25/my_seq_reg[18]/C
                            (rising edge-triggered cell FDRE clocked by sys_clk_pin  {rise@0.000ns fall@5.000ns period=10.000ns})
  Destination:            clk_6p25/my_seq_reg[18]/D
                            (rising edge-triggered cell FDRE clocked by sys_clk_pin  {rise@0.000ns fall@5.000ns period=10.000ns})
  Path Group:             sys_clk_pin
  Path Type:              Hold (Min at Fast Process Corner)
  Requirement:            0.000ns  (sys_clk_pin rise@0.000ns - sys_clk_pin rise@0.000ns)
  Data Path Delay:        0.399ns  (logic 0.274ns (68.589%)  route 0.125ns (31.411%))
  Logic Levels:           1  (CARRY4=1)
  Clock Path Skew:        0.000ns (DCD - SCD - CPR)
    Destination Clock Delay (DCD):    1.958ns
    Source Clock Delay      (SCD):    1.445ns
    Clock Pessimism Removal (CPR):    0.513ns

    Location             Delay type                Incr(ns)  Path(ns)    Netlist Resource(s)
  -------------------------------------------------------------------    -------------------
                         (clock sys_clk_pin rise edge)
                                                      0.000     0.000 r  
    W5                                                0.000     0.000 r  CLK100MHZ (IN)
                         net (fo=0)                   0.000     0.000    CLK100MHZ
    W5                   IBUF (Prop_ibuf_I_O)         0.226     0.226 r  CLK100MHZ_IBUF_inst/O
                         net (fo=1, routed)           0.631     0.858    CLK100MHZ_IBUF
    BUFGCTRL_X0Y0        BUFG (Prop_bufg_I_O)         0.026     0.884 r  CLK100MHZ_IBUF_BUFG_inst/O
                         net (fo=116, routed)         0.562     1.445    clk_6p25/CLK100MHZ_IBUF_BUFG
    SLICE_X34Y46         FDRE                                         r  clk_6p25/my_seq_reg[18]/C
  -------------------------------------------------------------------    -------------------
    SLICE_X34Y46         FDRE (Prop_fdre_C_Q)         0.164     1.609 r  clk_6p25/my_seq_reg[18]/Q
                         net (fo=2, routed)           0.125     1.735    clk_6p25/my_seq_reg[18]
    SLICE_X34Y46         CARRY4 (Prop_carry4_S[2]_O[2])
                                                      0.110     1.845 r  clk_6p25/my_seq_reg[16]_i_1/O[2]
                         net (fo=1, routed)           0.000     1.845    clk_6p25/my_seq_reg[16]_i_1_n_5
    SLICE_X34Y46         FDRE                                         r  clk_6p25/my_seq_reg[18]/D
  -------------------------------------------------------------------    -------------------

                         (clock sys_clk_pin rise edge)
                                                      0.000     0.000 r  
    W5                                                0.000     0.000 r  CLK100MHZ (IN)
                         net (fo=0)                   0.000     0.000    CLK100MHZ
    W5                   IBUF (Prop_ibuf_I_O)         0.414     0.414 r  CLK100MHZ_IBUF_inst/O
                         net (fo=1, routed)           0.685     1.099    CLK100MHZ_IBUF
    BUFGCTRL_X0Y0        BUFG (Prop_bufg_I_O)         0.029     1.128 r  CLK100MHZ_IBUF_BUFG_inst/O
                         net (fo=116, routed)         0.831     1.958    clk_6p25/CLK100MHZ_IBUF_BUFG
    SLICE_X34Y46         FDRE                                         r  clk_6p25/my_seq_reg[18]/C
                         clock pessimism             -0.513     1.445    
    SLICE_X34Y46         FDRE (Hold_fdre_C_D)         0.134     1.579    clk_6p25/my_seq_reg[18]
  -------------------------------------------------------------------
                         required time                         -1.579    
                         arrival time                           1.845    
  -------------------------------------------------------------------
                         slack                                  0.265    

Slack (MET) :             0.265ns  (arrival time - required time)
  Source:                 clk_6p25/my_seq_reg[22]/C
                            (rising edge-triggered cell FDRE clocked by sys_clk_pin  {rise@0.000ns fall@5.000ns period=10.000ns})
  Destination:            clk_6p25/my_seq_reg[22]/D
                            (rising edge-triggered cell FDRE clocked by sys_clk_pin  {rise@0.000ns fall@5.000ns period=10.000ns})
  Path Group:             sys_clk_pin
  Path Type:              Hold (Min at Fast Process Corner)
  Requirement:            0.000ns  (sys_clk_pin rise@0.000ns - sys_clk_pin rise@0.000ns)
  Data Path Delay:        0.399ns  (logic 0.274ns (68.589%)  route 0.125ns (31.411%))
  Logic Levels:           1  (CARRY4=1)
  Clock Path Skew:        0.000ns (DCD - SCD - CPR)
    Destination Clock Delay (DCD):    1.959ns
    Source Clock Delay      (SCD):    1.446ns
    Clock Pessimism Removal (CPR):    0.513ns

    Location             Delay type                Incr(ns)  Path(ns)    Netlist Resource(s)
  -------------------------------------------------------------------    -------------------
                         (clock sys_clk_pin rise edge)
                                                      0.000     0.000 r  
    W5                                                0.000     0.000 r  CLK100MHZ (IN)
                         net (fo=0)                   0.000     0.000    CLK100MHZ
    W5                   IBUF (Prop_ibuf_I_O)         0.226     0.226 r  CLK100MHZ_IBUF_inst/O
                         net (fo=1, routed)           0.631     0.858    CLK100MHZ_IBUF
    BUFGCTRL_X0Y0        BUFG (Prop_bufg_I_O)         0.026     0.884 r  CLK100MHZ_IBUF_BUFG_inst/O
                         net (fo=116, routed)         0.563     1.446    clk_6p25/CLK100MHZ_IBUF_BUFG
    SLICE_X34Y47         FDRE                                         r  clk_6p25/my_seq_reg[22]/C
  -------------------------------------------------------------------    -------------------
    SLICE_X34Y47         FDRE (Prop_fdre_C_Q)         0.164     1.610 r  clk_6p25/my_seq_reg[22]/Q
                         net (fo=2, routed)           0.125     1.736    clk_6p25/my_seq_reg[22]
    SLICE_X34Y47         CARRY4 (Prop_carry4_S[2]_O[2])
                                                      0.110     1.846 r  clk_6p25/my_seq_reg[20]_i_1/O[2]
                         net (fo=1, routed)           0.000     1.846    clk_6p25/my_seq_reg[20]_i_1_n_5
    SLICE_X34Y47         FDRE                                         r  clk_6p25/my_seq_reg[22]/D
  -------------------------------------------------------------------    -------------------

                         (clock sys_clk_pin rise edge)
                                                      0.000     0.000 r  
    W5                                                0.000     0.000 r  CLK100MHZ (IN)
                         net (fo=0)                   0.000     0.000    CLK100MHZ
    W5                   IBUF (Prop_ibuf_I_O)         0.414     0.414 r  CLK100MHZ_IBUF_inst/O
                         net (fo=1, routed)           0.685     1.099    CLK100MHZ_IBUF
    BUFGCTRL_X0Y0        BUFG (Prop_bufg_I_O)         0.029     1.128 r  CLK100MHZ_IBUF_BUFG_inst/O
                         net (fo=116, routed)         0.832     1.959    clk_6p25/CLK100MHZ_IBUF_BUFG
    SLICE_X34Y47         FDRE                                         r  clk_6p25/my_seq_reg[22]/C
                         clock pessimism             -0.513     1.446    
    SLICE_X34Y47         FDRE (Hold_fdre_C_D)         0.134     1.580    clk_6p25/my_seq_reg[22]
  -------------------------------------------------------------------
                         required time                         -1.580    
                         arrival time                           1.846    
  -------------------------------------------------------------------
                         slack                                  0.265    

Slack (MET) :             0.265ns  (arrival time - required time)
  Source:                 clk_6p25/my_seq_reg[30]/C
                            (rising edge-triggered cell FDRE clocked by sys_clk_pin  {rise@0.000ns fall@5.000ns period=10.000ns})
  Destination:            clk_6p25/my_seq_reg[30]/D
                            (rising edge-triggered cell FDRE clocked by sys_clk_pin  {rise@0.000ns fall@5.000ns period=10.000ns})
  Path Group:             sys_clk_pin
  Path Type:              Hold (Min at Fast Process Corner)
  Requirement:            0.000ns  (sys_clk_pin rise@0.000ns - sys_clk_pin rise@0.000ns)
  Data Path Delay:        0.399ns  (logic 0.274ns (68.589%)  route 0.125ns (31.411%))
  Logic Levels:           1  (CARRY4=1)
  Clock Path Skew:        0.000ns (DCD - SCD - CPR)
    Destination Clock Delay (DCD):    1.959ns
    Source Clock Delay      (SCD):    1.446ns
    Clock Pessimism Removal (CPR):    0.513ns

    Location             Delay type                Incr(ns)  Path(ns)    Netlist Resource(s)
  -------------------------------------------------------------------    -------------------
                         (clock sys_clk_pin rise edge)
                                                      0.000     0.000 r  
    W5                                                0.000     0.000 r  CLK100MHZ (IN)
                         net (fo=0)                   0.000     0.000    CLK100MHZ
    W5                   IBUF (Prop_ibuf_I_O)         0.226     0.226 r  CLK100MHZ_IBUF_inst/O
                         net (fo=1, routed)           0.631     0.858    CLK100MHZ_IBUF
    BUFGCTRL_X0Y0        BUFG (Prop_bufg_I_O)         0.026     0.884 r  CLK100MHZ_IBUF_BUFG_inst/O
                         net (fo=116, routed)         0.563     1.446    clk_6p25/CLK100MHZ_IBUF_BUFG
    SLICE_X34Y49         FDRE                                         r  clk_6p25/my_seq_reg[30]/C
  -------------------------------------------------------------------    -------------------
    SLICE_X34Y49         FDRE (Prop_fdre_C_Q)         0.164     1.610 r  clk_6p25/my_seq_reg[30]/Q
                         net (fo=2, routed)           0.125     1.736    clk_6p25/my_seq_reg[30]
    SLICE_X34Y49         CARRY4 (Prop_carry4_S[2]_O[2])
                                                      0.110     1.846 r  clk_6p25/my_seq_reg[28]_i_1/O[2]
                         net (fo=1, routed)           0.000     1.846    clk_6p25/my_seq_reg[28]_i_1_n_5
    SLICE_X34Y49         FDRE                                         r  clk_6p25/my_seq_reg[30]/D
  -------------------------------------------------------------------    -------------------

                         (clock sys_clk_pin rise edge)
                                                      0.000     0.000 r  
    W5                                                0.000     0.000 r  CLK100MHZ (IN)
                         net (fo=0)                   0.000     0.000    CLK100MHZ
    W5                   IBUF (Prop_ibuf_I_O)         0.414     0.414 r  CLK100MHZ_IBUF_inst/O
                         net (fo=1, routed)           0.685     1.099    CLK100MHZ_IBUF
    BUFGCTRL_X0Y0        BUFG (Prop_bufg_I_O)         0.029     1.128 r  CLK100MHZ_IBUF_BUFG_inst/O
                         net (fo=116, routed)         0.832     1.959    clk_6p25/CLK100MHZ_IBUF_BUFG
    SLICE_X34Y49         FDRE                                         r  clk_6p25/my_seq_reg[30]/C
                         clock pessimism             -0.513     1.446    
    SLICE_X34Y49         FDRE (Hold_fdre_C_D)         0.134     1.580    clk_6p25/my_seq_reg[30]
  -------------------------------------------------------------------
                         required time                         -1.580    
                         arrival time                           1.846    
  -------------------------------------------------------------------
                         slack                                  0.265    

Slack (MET) :             0.266ns  (arrival time - required time)
  Source:                 clk_10/CLK_OUT_reg/C
                            (rising edge-triggered cell FDRE clocked by sys_clk_pin  {rise@0.000ns fall@5.000ns period=10.000ns})
  Destination:            clk_10/CLK_OUT_reg/D
                            (rising edge-triggered cell FDRE clocked by sys_clk_pin  {rise@0.000ns fall@5.000ns period=10.000ns})
  Path Group:             sys_clk_pin
  Path Type:              Hold (Min at Fast Process Corner)
  Requirement:            0.000ns  (sys_clk_pin rise@0.000ns - sys_clk_pin rise@0.000ns)
  Data Path Delay:        0.386ns  (logic 0.209ns (54.079%)  route 0.177ns (45.921%))
  Logic Levels:           1  (LUT3=1)
  Clock Path Skew:        0.000ns (DCD - SCD - CPR)
    Destination Clock Delay (DCD):    2.066ns
    Source Clock Delay      (SCD):    1.549ns
    Clock Pessimism Removal (CPR):    0.517ns

    Location             Delay type                Incr(ns)  Path(ns)    Netlist Resource(s)
  -------------------------------------------------------------------    -------------------
                         (clock sys_clk_pin rise edge)
                                                      0.000     0.000 r  
    W5                                                0.000     0.000 r  CLK100MHZ (IN)
                         net (fo=0)                   0.000     0.000    CLK100MHZ
    W5                   IBUF (Prop_ibuf_I_O)         0.226     0.226 r  CLK100MHZ_IBUF_inst/O
                         net (fo=1, routed)           0.631     0.858    CLK100MHZ_IBUF
    BUFGCTRL_X0Y0        BUFG (Prop_bufg_I_O)         0.026     0.884 r  CLK100MHZ_IBUF_BUFG_inst/O
                         net (fo=116, routed)         0.665     1.549    clk_10/CLK100MHZ_IBUF_BUFG
    SLICE_X2Y121         FDRE                                         r  clk_10/CLK_OUT_reg/C
  -------------------------------------------------------------------    -------------------
    SLICE_X2Y121         FDRE (Prop_fdre_C_Q)         0.164     1.713 r  clk_10/CLK_OUT_reg/Q
                         net (fo=2, routed)           0.177     1.890    clk_10/CLK_OUT_reg_n_0
    SLICE_X2Y121         LUT3 (Prop_lut3_I2_O)        0.045     1.935 r  clk_10/CLK_OUT_i_1__1/O
                         net (fo=1, routed)           0.000     1.935    clk_10/CLK_OUT_i_1__1_n_0
    SLICE_X2Y121         FDRE                                         r  clk_10/CLK_OUT_reg/D
  -------------------------------------------------------------------    -------------------

                         (clock sys_clk_pin rise edge)
                                                      0.000     0.000 r  
    W5                                                0.000     0.000 r  CLK100MHZ (IN)
                         net (fo=0)                   0.000     0.000    CLK100MHZ
    W5                   IBUF (Prop_ibuf_I_O)         0.414     0.414 r  CLK100MHZ_IBUF_inst/O
                         net (fo=1, routed)           0.685     1.099    CLK100MHZ_IBUF
    BUFGCTRL_X0Y0        BUFG (Prop_bufg_I_O)         0.029     1.128 r  CLK100MHZ_IBUF_BUFG_inst/O
                         net (fo=116, routed)         0.938     2.066    clk_10/CLK100MHZ_IBUF_BUFG
    SLICE_X2Y121         FDRE                                         r  clk_10/CLK_OUT_reg/C
                         clock pessimism             -0.517     1.549    
    SLICE_X2Y121         FDRE (Hold_fdre_C_D)         0.120     1.669    clk_10/CLK_OUT_reg
  -------------------------------------------------------------------
                         required time                         -1.669    
                         arrival time                           1.935    
  -------------------------------------------------------------------
                         slack                                  0.266    

Slack (MET) :             0.267ns  (arrival time - required time)
  Source:                 ac/count2_reg[6]/C
                            (rising edge-triggered cell FDRE clocked by sys_clk_pin  {rise@0.000ns fall@5.000ns period=10.000ns})
  Destination:            ac/count2_reg[6]/D
                            (rising edge-triggered cell FDRE clocked by sys_clk_pin  {rise@0.000ns fall@5.000ns period=10.000ns})
  Path Group:             sys_clk_pin
  Path Type:              Hold (Min at Fast Process Corner)
  Requirement:            0.000ns  (sys_clk_pin rise@0.000ns - sys_clk_pin rise@0.000ns)
  Data Path Delay:        0.401ns  (logic 0.274ns (68.412%)  route 0.127ns (31.588%))
  Logic Levels:           1  (CARRY4=1)
  Clock Path Skew:        0.000ns (DCD - SCD - CPR)
    Destination Clock Delay (DCD):    2.065ns
    Source Clock Delay      (SCD):    1.549ns
    Clock Pessimism Removal (CPR):    0.516ns

    Location             Delay type                Incr(ns)  Path(ns)    Netlist Resource(s)
  -------------------------------------------------------------------    -------------------
                         (clock sys_clk_pin rise edge)
                                                      0.000     0.000 r  
    W5                                                0.000     0.000 r  CLK100MHZ (IN)
                         net (fo=0)                   0.000     0.000    CLK100MHZ
    W5                   IBUF (Prop_ibuf_I_O)         0.226     0.226 r  CLK100MHZ_IBUF_inst/O
                         net (fo=1, routed)           0.631     0.858    CLK100MHZ_IBUF
    BUFGCTRL_X0Y0        BUFG (Prop_bufg_I_O)         0.026     0.884 r  CLK100MHZ_IBUF_BUFG_inst/O
                         net (fo=116, routed)         0.665     1.549    ac/CLK100MHZ_IBUF_BUFG
    SLICE_X2Y127         FDRE                                         r  ac/count2_reg[6]/C
  -------------------------------------------------------------------    -------------------
    SLICE_X2Y127         FDRE (Prop_fdre_C_Q)         0.164     1.713 r  ac/count2_reg[6]/Q
                         net (fo=9, routed)           0.127     1.839    ac/count2_reg[6]
    SLICE_X2Y127         CARRY4 (Prop_carry4_S[2]_O[2])
                                                      0.110     1.949 r  ac/count2_reg[4]_i_1/O[2]
                         net (fo=1, routed)           0.000     1.949    ac/count2_reg[4]_i_1_n_5
    SLICE_X2Y127         FDRE                                         r  ac/count2_reg[6]/D
  -------------------------------------------------------------------    -------------------

                         (clock sys_clk_pin rise edge)
                                                      0.000     0.000 r  
    W5                                                0.000     0.000 r  CLK100MHZ (IN)
                         net (fo=0)                   0.000     0.000    CLK100MHZ
    W5                   IBUF (Prop_ibuf_I_O)         0.414     0.414 r  CLK100MHZ_IBUF_inst/O
                         net (fo=1, routed)           0.685     1.099    CLK100MHZ_IBUF
    BUFGCTRL_X0Y0        BUFG (Prop_bufg_I_O)         0.029     1.128 r  CLK100MHZ_IBUF_BUFG_inst/O
                         net (fo=116, routed)         0.937     2.065    ac/CLK100MHZ_IBUF_BUFG
    SLICE_X2Y127         FDRE                                         r  ac/count2_reg[6]/C
                         clock pessimism             -0.516     1.549    
    SLICE_X2Y127         FDRE (Hold_fdre_C_D)         0.134     1.683    ac/count2_reg[6]
  -------------------------------------------------------------------
                         required time                         -1.683    
                         arrival time                           1.949    
  -------------------------------------------------------------------
                         slack                                  0.267    

Slack (MET) :             0.267ns  (arrival time - required time)
  Source:                 clk_6p25/my_seq_reg[10]/C
                            (rising edge-triggered cell FDRE clocked by sys_clk_pin  {rise@0.000ns fall@5.000ns period=10.000ns})
  Destination:            clk_6p25/my_seq_reg[10]/D
                            (rising edge-triggered cell FDRE clocked by sys_clk_pin  {rise@0.000ns fall@5.000ns period=10.000ns})
  Path Group:             sys_clk_pin
  Path Type:              Hold (Min at Fast Process Corner)
  Requirement:            0.000ns  (sys_clk_pin rise@0.000ns - sys_clk_pin rise@0.000ns)
  Data Path Delay:        0.401ns  (logic 0.274ns (68.412%)  route 0.127ns (31.588%))
  Logic Levels:           1  (CARRY4=1)
  Clock Path Skew:        0.000ns (DCD - SCD - CPR)
    Destination Clock Delay (DCD):    1.958ns
    Source Clock Delay      (SCD):    1.445ns
    Clock Pessimism Removal (CPR):    0.513ns

    Location             Delay type                Incr(ns)  Path(ns)    Netlist Resource(s)
  -------------------------------------------------------------------    -------------------
                         (clock sys_clk_pin rise edge)
                                                      0.000     0.000 r  
    W5                                                0.000     0.000 r  CLK100MHZ (IN)
                         net (fo=0)                   0.000     0.000    CLK100MHZ
    W5                   IBUF (Prop_ibuf_I_O)         0.226     0.226 r  CLK100MHZ_IBUF_inst/O
                         net (fo=1, routed)           0.631     0.858    CLK100MHZ_IBUF
    BUFGCTRL_X0Y0        BUFG (Prop_bufg_I_O)         0.026     0.884 r  CLK100MHZ_IBUF_BUFG_inst/O
                         net (fo=116, routed)         0.562     1.445    clk_6p25/CLK100MHZ_IBUF_BUFG
    SLICE_X34Y44         FDRE                                         r  clk_6p25/my_seq_reg[10]/C
  -------------------------------------------------------------------    -------------------
    SLICE_X34Y44         FDRE (Prop_fdre_C_Q)         0.164     1.609 r  clk_6p25/my_seq_reg[10]/Q
                         net (fo=2, routed)           0.127     1.736    clk_6p25/my_seq_reg[10]
    SLICE_X34Y44         CARRY4 (Prop_carry4_S[2]_O[2])
                                                      0.110     1.846 r  clk_6p25/my_seq_reg[8]_i_1/O[2]
                         net (fo=1, routed)           0.000     1.846    clk_6p25/my_seq_reg[8]_i_1_n_5
    SLICE_X34Y44         FDRE                                         r  clk_6p25/my_seq_reg[10]/D
  -------------------------------------------------------------------    -------------------

                         (clock sys_clk_pin rise edge)
                                                      0.000     0.000 r  
    W5                                                0.000     0.000 r  CLK100MHZ (IN)
                         net (fo=0)                   0.000     0.000    CLK100MHZ
    W5                   IBUF (Prop_ibuf_I_O)         0.414     0.414 r  CLK100MHZ_IBUF_inst/O
                         net (fo=1, routed)           0.685     1.099    CLK100MHZ_IBUF
    BUFGCTRL_X0Y0        BUFG (Prop_bufg_I_O)         0.029     1.128 r  CLK100MHZ_IBUF_BUFG_inst/O
                         net (fo=116, routed)         0.831     1.958    clk_6p25/CLK100MHZ_IBUF_BUFG
    SLICE_X34Y44         FDRE                                         r  clk_6p25/my_seq_reg[10]/C
                         clock pessimism             -0.513     1.445    
    SLICE_X34Y44         FDRE (Hold_fdre_C_D)         0.134     1.579    clk_6p25/my_seq_reg[10]
  -------------------------------------------------------------------
                         required time                         -1.579    
                         arrival time                           1.846    
  -------------------------------------------------------------------
                         slack                                  0.267    

Slack (MET) :             0.267ns  (arrival time - required time)
  Source:                 clk_6p25/my_seq_reg[14]/C
                            (rising edge-triggered cell FDRE clocked by sys_clk_pin  {rise@0.000ns fall@5.000ns period=10.000ns})
  Destination:            clk_6p25/my_seq_reg[14]/D
                            (rising edge-triggered cell FDRE clocked by sys_clk_pin  {rise@0.000ns fall@5.000ns period=10.000ns})
  Path Group:             sys_clk_pin
  Path Type:              Hold (Min at Fast Process Corner)
  Requirement:            0.000ns  (sys_clk_pin rise@0.000ns - sys_clk_pin rise@0.000ns)
  Data Path Delay:        0.401ns  (logic 0.274ns (68.412%)  route 0.127ns (31.588%))
  Logic Levels:           1  (CARRY4=1)
  Clock Path Skew:        0.000ns (DCD - SCD - CPR)
    Destination Clock Delay (DCD):    1.958ns
    Source Clock Delay      (SCD):    1.445ns
    Clock Pessimism Removal (CPR):    0.513ns

    Location             Delay type                Incr(ns)  Path(ns)    Netlist Resource(s)
  -------------------------------------------------------------------    -------------------
                         (clock sys_clk_pin rise edge)
                                                      0.000     0.000 r  
    W5                                                0.000     0.000 r  CLK100MHZ (IN)
                         net (fo=0)                   0.000     0.000    CLK100MHZ
    W5                   IBUF (Prop_ibuf_I_O)         0.226     0.226 r  CLK100MHZ_IBUF_inst/O
                         net (fo=1, routed)           0.631     0.858    CLK100MHZ_IBUF
    BUFGCTRL_X0Y0        BUFG (Prop_bufg_I_O)         0.026     0.884 r  CLK100MHZ_IBUF_BUFG_inst/O
                         net (fo=116, routed)         0.562     1.445    clk_6p25/CLK100MHZ_IBUF_BUFG
    SLICE_X34Y45         FDRE                                         r  clk_6p25/my_seq_reg[14]/C
  -------------------------------------------------------------------    -------------------
    SLICE_X34Y45         FDRE (Prop_fdre_C_Q)         0.164     1.609 r  clk_6p25/my_seq_reg[14]/Q
                         net (fo=2, routed)           0.127     1.736    clk_6p25/my_seq_reg[14]
    SLICE_X34Y45         CARRY4 (Prop_carry4_S[2]_O[2])
                                                      0.110     1.846 r  clk_6p25/my_seq_reg[12]_i_1/O[2]
                         net (fo=1, routed)           0.000     1.846    clk_6p25/my_seq_reg[12]_i_1_n_5
    SLICE_X34Y45         FDRE                                         r  clk_6p25/my_seq_reg[14]/D
  -------------------------------------------------------------------    -------------------

                         (clock sys_clk_pin rise edge)
                                                      0.000     0.000 r  
    W5                                                0.000     0.000 r  CLK100MHZ (IN)
                         net (fo=0)                   0.000     0.000    CLK100MHZ
    W5                   IBUF (Prop_ibuf_I_O)         0.414     0.414 r  CLK100MHZ_IBUF_inst/O
                         net (fo=1, routed)           0.685     1.099    CLK100MHZ_IBUF
    BUFGCTRL_X0Y0        BUFG (Prop_bufg_I_O)         0.029     1.128 r  CLK100MHZ_IBUF_BUFG_inst/O
                         net (fo=116, routed)         0.831     1.958    clk_6p25/CLK100MHZ_IBUF_BUFG
    SLICE_X34Y45         FDRE                                         r  clk_6p25/my_seq_reg[14]/C
                         clock pessimism             -0.513     1.445    
    SLICE_X34Y45         FDRE (Hold_fdre_C_D)         0.134     1.579    clk_6p25/my_seq_reg[14]
  -------------------------------------------------------------------
                         required time                         -1.579    
                         arrival time                           1.846    
  -------------------------------------------------------------------
                         slack                                  0.267    

Slack (MET) :             0.267ns  (arrival time - required time)
  Source:                 clk_6p25/my_seq_reg[26]/C
                            (rising edge-triggered cell FDRE clocked by sys_clk_pin  {rise@0.000ns fall@5.000ns period=10.000ns})
  Destination:            clk_6p25/my_seq_reg[26]/D
                            (rising edge-triggered cell FDRE clocked by sys_clk_pin  {rise@0.000ns fall@5.000ns period=10.000ns})
  Path Group:             sys_clk_pin
  Path Type:              Hold (Min at Fast Process Corner)
  Requirement:            0.000ns  (sys_clk_pin rise@0.000ns - sys_clk_pin rise@0.000ns)
  Data Path Delay:        0.401ns  (logic 0.274ns (68.412%)  route 0.127ns (31.588%))
  Logic Levels:           1  (CARRY4=1)
  Clock Path Skew:        0.000ns (DCD - SCD - CPR)
    Destination Clock Delay (DCD):    1.959ns
    Source Clock Delay      (SCD):    1.446ns
    Clock Pessimism Removal (CPR):    0.513ns

    Location             Delay type                Incr(ns)  Path(ns)    Netlist Resource(s)
  -------------------------------------------------------------------    -------------------
                         (clock sys_clk_pin rise edge)
                                                      0.000     0.000 r  
    W5                                                0.000     0.000 r  CLK100MHZ (IN)
                         net (fo=0)                   0.000     0.000    CLK100MHZ
    W5                   IBUF (Prop_ibuf_I_O)         0.226     0.226 r  CLK100MHZ_IBUF_inst/O
                         net (fo=1, routed)           0.631     0.858    CLK100MHZ_IBUF
    BUFGCTRL_X0Y0        BUFG (Prop_bufg_I_O)         0.026     0.884 r  CLK100MHZ_IBUF_BUFG_inst/O
                         net (fo=116, routed)         0.563     1.446    clk_6p25/CLK100MHZ_IBUF_BUFG
    SLICE_X34Y48         FDRE                                         r  clk_6p25/my_seq_reg[26]/C
  -------------------------------------------------------------------    -------------------
    SLICE_X34Y48         FDRE (Prop_fdre_C_Q)         0.164     1.610 r  clk_6p25/my_seq_reg[26]/Q
                         net (fo=2, routed)           0.127     1.737    clk_6p25/my_seq_reg[26]
    SLICE_X34Y48         CARRY4 (Prop_carry4_S[2]_O[2])
                                                      0.110     1.847 r  clk_6p25/my_seq_reg[24]_i_1/O[2]
                         net (fo=1, routed)           0.000     1.847    clk_6p25/my_seq_reg[24]_i_1_n_5
    SLICE_X34Y48         FDRE                                         r  clk_6p25/my_seq_reg[26]/D
  -------------------------------------------------------------------    -------------------

                         (clock sys_clk_pin rise edge)
                                                      0.000     0.000 r  
    W5                                                0.000     0.000 r  CLK100MHZ (IN)
                         net (fo=0)                   0.000     0.000    CLK100MHZ
    W5                   IBUF (Prop_ibuf_I_O)         0.414     0.414 r  CLK100MHZ_IBUF_inst/O
                         net (fo=1, routed)           0.685     1.099    CLK100MHZ_IBUF
    BUFGCTRL_X0Y0        BUFG (Prop_bufg_I_O)         0.029     1.128 r  CLK100MHZ_IBUF_BUFG_inst/O
                         net (fo=116, routed)         0.832     1.959    clk_6p25/CLK100MHZ_IBUF_BUFG
    SLICE_X34Y48         FDRE                                         r  clk_6p25/my_seq_reg[26]/C
                         clock pessimism             -0.513     1.446    
    SLICE_X34Y48         FDRE (Hold_fdre_C_D)         0.134     1.580    clk_6p25/my_seq_reg[26]
  -------------------------------------------------------------------
                         required time                         -1.580    
                         arrival time                           1.847    
  -------------------------------------------------------------------
                         slack                                  0.267    

Slack (MET) :             0.267ns  (arrival time - required time)
  Source:                 clk_6p25/my_seq_reg[6]/C
                            (rising edge-triggered cell FDRE clocked by sys_clk_pin  {rise@0.000ns fall@5.000ns period=10.000ns})
  Destination:            clk_6p25/my_seq_reg[6]/D
                            (rising edge-triggered cell FDRE clocked by sys_clk_pin  {rise@0.000ns fall@5.000ns period=10.000ns})
  Path Group:             sys_clk_pin
  Path Type:              Hold (Min at Fast Process Corner)
  Requirement:            0.000ns  (sys_clk_pin rise@0.000ns - sys_clk_pin rise@0.000ns)
  Data Path Delay:        0.401ns  (logic 0.274ns (68.412%)  route 0.127ns (31.588%))
  Logic Levels:           1  (CARRY4=1)
  Clock Path Skew:        0.000ns (DCD - SCD - CPR)
    Destination Clock Delay (DCD):    1.958ns
    Source Clock Delay      (SCD):    1.445ns
    Clock Pessimism Removal (CPR):    0.513ns

    Location             Delay type                Incr(ns)  Path(ns)    Netlist Resource(s)
  -------------------------------------------------------------------    -------------------
                         (clock sys_clk_pin rise edge)
                                                      0.000     0.000 r  
    W5                                                0.000     0.000 r  CLK100MHZ (IN)
                         net (fo=0)                   0.000     0.000    CLK100MHZ
    W5                   IBUF (Prop_ibuf_I_O)         0.226     0.226 r  CLK100MHZ_IBUF_inst/O
                         net (fo=1, routed)           0.631     0.858    CLK100MHZ_IBUF
    BUFGCTRL_X0Y0        BUFG (Prop_bufg_I_O)         0.026     0.884 r  CLK100MHZ_IBUF_BUFG_inst/O
                         net (fo=116, routed)         0.562     1.445    clk_6p25/CLK100MHZ_IBUF_BUFG
    SLICE_X34Y43         FDRE                                         r  clk_6p25/my_seq_reg[6]/C
  -------------------------------------------------------------------    -------------------
    SLICE_X34Y43         FDRE (Prop_fdre_C_Q)         0.164     1.609 r  clk_6p25/my_seq_reg[6]/Q
                         net (fo=3, routed)           0.127     1.736    clk_6p25/my_seq_reg[6]
    SLICE_X34Y43         CARRY4 (Prop_carry4_S[2]_O[2])
                                                      0.110     1.846 r  clk_6p25/my_seq_reg[4]_i_1/O[2]
                         net (fo=1, routed)           0.000     1.846    clk_6p25/my_seq_reg[4]_i_1_n_5
    SLICE_X34Y43         FDRE                                         r  clk_6p25/my_seq_reg[6]/D
  -------------------------------------------------------------------    -------------------

                         (clock sys_clk_pin rise edge)
                                                      0.000     0.000 r  
    W5                                                0.000     0.000 r  CLK100MHZ (IN)
                         net (fo=0)                   0.000     0.000    CLK100MHZ
    W5                   IBUF (Prop_ibuf_I_O)         0.414     0.414 r  CLK100MHZ_IBUF_inst/O
                         net (fo=1, routed)           0.685     1.099    CLK100MHZ_IBUF
    BUFGCTRL_X0Y0        BUFG (Prop_bufg_I_O)         0.029     1.128 r  CLK100MHZ_IBUF_BUFG_inst/O
                         net (fo=116, routed)         0.831     1.958    clk_6p25/CLK100MHZ_IBUF_BUFG
    SLICE_X34Y43         FDRE                                         r  clk_6p25/my_seq_reg[6]/C
                         clock pessimism             -0.513     1.445    
    SLICE_X34Y43         FDRE (Hold_fdre_C_D)         0.134     1.579    clk_6p25/my_seq_reg[6]
  -------------------------------------------------------------------
                         required time                         -1.579    
                         arrival time                           1.846    
  -------------------------------------------------------------------
                         slack                                  0.267    

Slack (MET) :             0.267ns  (arrival time - required time)
  Source:                 clk_6p25/my_seq_reg[2]/C
                            (rising edge-triggered cell FDRE clocked by sys_clk_pin  {rise@0.000ns fall@5.000ns period=10.000ns})
  Destination:            clk_6p25/my_seq_reg[2]/D
                            (rising edge-triggered cell FDRE clocked by sys_clk_pin  {rise@0.000ns fall@5.000ns period=10.000ns})
  Path Group:             sys_clk_pin
  Path Type:              Hold (Min at Fast Process Corner)
  Requirement:            0.000ns  (sys_clk_pin rise@0.000ns - sys_clk_pin rise@0.000ns)
  Data Path Delay:        0.401ns  (logic 0.274ns (68.401%)  route 0.127ns (31.599%))
  Logic Levels:           1  (CARRY4=1)
  Clock Path Skew:        0.000ns (DCD - SCD - CPR)
    Destination Clock Delay (DCD):    1.957ns
    Source Clock Delay      (SCD):    1.444ns
    Clock Pessimism Removal (CPR):    0.513ns

    Location             Delay type                Incr(ns)  Path(ns)    Netlist Resource(s)
  -------------------------------------------------------------------    -------------------
                         (clock sys_clk_pin rise edge)
                                                      0.000     0.000 r  
    W5                                                0.000     0.000 r  CLK100MHZ (IN)
                         net (fo=0)                   0.000     0.000    CLK100MHZ
    W5                   IBUF (Prop_ibuf_I_O)         0.226     0.226 r  CLK100MHZ_IBUF_inst/O
                         net (fo=1, routed)           0.631     0.858    CLK100MHZ_IBUF
    BUFGCTRL_X0Y0        BUFG (Prop_bufg_I_O)         0.026     0.884 r  CLK100MHZ_IBUF_BUFG_inst/O
                         net (fo=116, routed)         0.561     1.444    clk_6p25/CLK100MHZ_IBUF_BUFG
    SLICE_X34Y42         FDRE                                         r  clk_6p25/my_seq_reg[2]/C
  -------------------------------------------------------------------    -------------------
    SLICE_X34Y42         FDRE (Prop_fdre_C_Q)         0.164     1.608 r  clk_6p25/my_seq_reg[2]/Q
                         net (fo=3, routed)           0.127     1.735    clk_6p25/my_seq_reg[2]
    SLICE_X34Y42         CARRY4 (Prop_carry4_S[2]_O[2])
                                                      0.110     1.845 r  clk_6p25/my_seq_reg[0]_i_2/O[2]
                         net (fo=1, routed)           0.000     1.845    clk_6p25/my_seq_reg[0]_i_2_n_5
    SLICE_X34Y42         FDRE                                         r  clk_6p25/my_seq_reg[2]/D
  -------------------------------------------------------------------    -------------------

                         (clock sys_clk_pin rise edge)
                                                      0.000     0.000 r  
    W5                                                0.000     0.000 r  CLK100MHZ (IN)
                         net (fo=0)                   0.000     0.000    CLK100MHZ
    W5                   IBUF (Prop_ibuf_I_O)         0.414     0.414 r  CLK100MHZ_IBUF_inst/O
                         net (fo=1, routed)           0.685     1.099    CLK100MHZ_IBUF
    BUFGCTRL_X0Y0        BUFG (Prop_bufg_I_O)         0.029     1.128 r  CLK100MHZ_IBUF_BUFG_inst/O
                         net (fo=116, routed)         0.830     1.957    clk_6p25/CLK100MHZ_IBUF_BUFG
    SLICE_X34Y42         FDRE                                         r  clk_6p25/my_seq_reg[2]/C
                         clock pessimism             -0.513     1.444    
    SLICE_X34Y42         FDRE (Hold_fdre_C_D)         0.134     1.578    clk_6p25/my_seq_reg[2]
  -------------------------------------------------------------------
                         required time                         -1.578    
                         arrival time                           1.845    
  -------------------------------------------------------------------
                         slack                                  0.267    





Pulse Width Checks
--------------------------------------------------------------------------------------
Clock Name:         sys_clk_pin
Waveform(ns):       { 0.000 5.000 }
Period(ns):         10.000
Sources:            { CLK100MHZ }

Check Type        Corner  Lib Pin  Reference Pin  Required(ns)  Actual(ns)  Slack(ns)  Location       Pin
Min Period        n/a     BUFG/I   n/a            2.155         10.000      7.845      BUFGCTRL_X0Y0  CLK100MHZ_IBUF_BUFG_inst/I
Min Period        n/a     FDRE/C   n/a            1.000         10.000      9.000      SLICE_X2Y126   ac/count2_reg[0]/C
Min Period        n/a     FDRE/C   n/a            1.000         10.000      9.000      SLICE_X2Y128   ac/count2_reg[10]/C
Min Period        n/a     FDRE/C   n/a            1.000         10.000      9.000      SLICE_X2Y128   ac/count2_reg[11]/C
Min Period        n/a     FDRE/C   n/a            1.000         10.000      9.000      SLICE_X2Y126   ac/count2_reg[1]/C
Min Period        n/a     FDRE/C   n/a            1.000         10.000      9.000      SLICE_X2Y126   ac/count2_reg[2]/C
Min Period        n/a     FDRE/C   n/a            1.000         10.000      9.000      SLICE_X2Y126   ac/count2_reg[3]/C
Min Period        n/a     FDRE/C   n/a            1.000         10.000      9.000      SLICE_X2Y127   ac/count2_reg[4]/C
Min Period        n/a     FDRE/C   n/a            1.000         10.000      9.000      SLICE_X2Y127   ac/count2_reg[5]/C
Min Period        n/a     FDRE/C   n/a            1.000         10.000      9.000      SLICE_X2Y127   ac/count2_reg[6]/C
Low Pulse Width   Slow    FDRE/C   n/a            0.500         5.000       4.500      SLICE_X2Y126   ac/count2_reg[0]/C
Low Pulse Width   Slow    FDRE/C   n/a            0.500         5.000       4.500      SLICE_X2Y128   ac/count2_reg[10]/C
Low Pulse Width   Slow    FDRE/C   n/a            0.500         5.000       4.500      SLICE_X2Y128   ac/count2_reg[11]/C
Low Pulse Width   Slow    FDRE/C   n/a            0.500         5.000       4.500      SLICE_X2Y126   ac/count2_reg[1]/C
Low Pulse Width   Slow    FDRE/C   n/a            0.500         5.000       4.500      SLICE_X2Y126   ac/count2_reg[2]/C
Low Pulse Width   Slow    FDRE/C   n/a            0.500         5.000       4.500      SLICE_X2Y126   ac/count2_reg[3]/C
Low Pulse Width   Slow    FDRE/C   n/a            0.500         5.000       4.500      SLICE_X2Y127   ac/count2_reg[4]/C
Low Pulse Width   Slow    FDRE/C   n/a            0.500         5.000       4.500      SLICE_X2Y127   ac/count2_reg[5]/C
Low Pulse Width   Slow    FDRE/C   n/a            0.500         5.000       4.500      SLICE_X2Y127   ac/count2_reg[6]/C
Low Pulse Width   Slow    FDRE/C   n/a            0.500         5.000       4.500      SLICE_X2Y127   ac/count2_reg[7]/C
High Pulse Width  Slow    FDRE/C   n/a            0.500         5.000       4.500      SLICE_X0Y118   clk_10/my_seq_reg[1]/C
High Pulse Width  Slow    FDRE/C   n/a            0.500         5.000       4.500      SLICE_X0Y124   clk_10/my_seq_reg[24]/C
High Pulse Width  Slow    FDRE/C   n/a            0.500         5.000       4.500      SLICE_X0Y124   clk_10/my_seq_reg[25]/C
High Pulse Width  Slow    FDRE/C   n/a            0.500         5.000       4.500      SLICE_X0Y119   clk_10/my_seq_reg[5]/C
High Pulse Width  Slow    FDRE/C   n/a            0.500         5.000       4.500      SLICE_X0Y119   clk_10/my_seq_reg[6]/C
High Pulse Width  Slow    FDRE/C   n/a            0.500         5.000       4.500      SLICE_X0Y119   clk_10/my_seq_reg[7]/C
High Pulse Width  Slow    FDRE/C   n/a            0.500         5.000       4.500      SLICE_X0Y120   clk_10/my_seq_reg[8]/C
High Pulse Width  Slow    FDRE/C   n/a            0.500         5.000       4.500      SLICE_X0Y120   clk_10/my_seq_reg[9]/C
High Pulse Width  Fast    FDRE/C   n/a            0.500         5.000       4.500      SLICE_X0Y138   clk_20k/my_seq_reg[20]/C
High Pulse Width  Fast    FDRE/C   n/a            0.500         5.000       4.500      SLICE_X0Y138   clk_20k/my_seq_reg[21]/C



