Copyright 1986-2018 Xilinx, Inc. All Rights Reserved.
------------------------------------------------------------------------------------------------------------------------------------------------------------------
| Tool Version : Vivado v.2018.2 (win64) Build 2258646 Thu Jun 14 20:03:12 MDT 2018
<<<<<<< HEAD
<<<<<<< HEAD
<<<<<<< HEAD
| Date         : Mon Oct  3 21:50:02 2022
| Host         : DESKTOP-JI6E2KE running 64-bit major release  (build 9200)
=======
| Date         : Sat Oct  8 17:25:22 2022
| Host         : WP-HP-OMEN running 64-bit major release  (build 9200)
>>>>>>> OTB
=======
| Date         : Mon Oct  3 21:50:02 2022
| Host         : DESKTOP-JI6E2KE running 64-bit major release  (build 9200)
>>>>>>> 383dcf4d62ab91d0b9696eda66d4ab5c8656926e
=======
| Date         : Mon Oct  3 21:50:02 2022
| Host         : DESKTOP-JI6E2KE running 64-bit major release  (build 9200)
>>>>>>> 383dcf4d62ab91d0b9696eda66d4ab5c8656926e
| Command      : report_bus_skew -warn_on_violation -file Top_Student_bus_skew_routed.rpt -pb Top_Student_bus_skew_routed.pb -rpx Top_Student_bus_skew_routed.rpx
| Design       : Top_Student
| Device       : 7a35t-cpg236
| Speed File   : -1  PRODUCTION 1.22 2018-03-21
------------------------------------------------------------------------------------------------------------------------------------------------------------------

Bus Skew Report

No bus skew constraints

