Design Route Status
                                               :      # nets :
   ------------------------------------------- : ----------- :
<<<<<<< HEAD
<<<<<<< HEAD
=======
>>>>>>> 383dcf4d62ab91d0b9696eda66d4ab5c8656926e
   # of logical nets.......................... :         706 :
       # of nets not needing routing.......... :         245 :
           # of internally routed nets........ :         245 :
       # of routable nets..................... :         461 :
           # of fully routed nets............. :         461 :
<<<<<<< HEAD
=======
   # of logical nets.......................... :         876 :
       # of nets not needing routing.......... :         347 :
           # of internally routed nets........ :         347 :
       # of routable nets..................... :         529 :
           # of fully routed nets............. :         529 :
>>>>>>> OTB
=======
>>>>>>> 383dcf4d62ab91d0b9696eda66d4ab5c8656926e
       # of nets with routing errors.......... :           0 :
   ------------------------------------------- : ----------- :

