#-----------------------------------------------------------
# Vivado v2018.2 (64-bit)
# SW Build 2258646 on Thu Jun 14 20:03:12 MDT 2018
# IP Build 2256618 on Thu Jun 14 22:10:49 MDT 2018
# Start of session at: Mon Oct  3 19:58:10 2022
# Process ID: 15648
# Current directory: C:/Users/irvin/EE2026/EE2026-Project
# Command line: vivado.exe -gui_launcher_event rodinguilauncherevent6812 C:\Users\irvin\EE2026\EE2026-Project\SoundDisplay.xpr
# Log file: C:/Users/irvin/EE2026/EE2026-Project/vivado.log
# Journal file: C:/Users/irvin/EE2026/EE2026-Project\vivado.jou
#-----------------------------------------------------------
start_gui
open_project C:/Users/irvin/EE2026/EE2026-Project/SoundDisplay.xpr
INFO: [Project 1-313] Project file moved from 'C:/Users/firwe/Desktop/Y2S1/EE2026/SoundDisplay' since last save.
Scanning sources...
Finished scanning sources
INFO: [IP_Flow 19-234] Refreshing IP repositories
INFO: [IP_Flow 19-1704] No user IP repositories specified
INFO: [IP_Flow 19-2313] Loaded Vivado IP repository 'C:/Xilinx/Vivado/2018.2/data/ip'.
open_project: Time (s): cpu = 00:00:14 ; elapsed = 00:00:09 . Memory (MB): peak = 793.902 ; gain = 76.539
update_compile_order -fileset sources_1
exit
INFO: [Common 17-206] Exiting Vivado at Mon Oct  3 20:04:20 2022...
