#-----------------------------------------------------------
# Vivado v2018.2 (64-bit)
# SW Build 2258646 on Thu Jun 14 20:03:12 MDT 2018
# IP Build 2256618 on Thu Jun 14 22:10:49 MDT 2018
# Start of session at: Mon Oct 10 21:36:06 2022
# Process ID: 8612
# Current directory: C:/Users/irvin/EE2026/EE2026-Project
# Command line: vivado.exe -gui_launcher_event rodinguilauncherevent6272 C:\Users\irvin\EE2026\EE2026-Project\SoundDisplay.xpr
# Log file: C:/Users/irvin/EE2026/EE2026-Project/vivado.log
# Journal file: C:/Users/irvin/EE2026/EE2026-Project\vivado.jou
#-----------------------------------------------------------
start_gui
open_project C:/Users/irvin/EE2026/EE2026-Project/SoundDisplay.xpr
Scanning sources...
Finished scanning sources
INFO: [IP_Flow 19-234] Refreshing IP repositories
INFO: [IP_Flow 19-1704] No user IP repositories specified
INFO: [IP_Flow 19-2313] Loaded Vivado IP repository 'C:/Xilinx/Vivado/2018.2/data/ip'.
open_project: Time (s): cpu = 00:00:13 ; elapsed = 00:00:07 . Memory (MB): peak = 885.434 ; gain = 152.203
update_compile_order -fileset sources_1
close [ open C:/Users/irvin/EE2026/EE2026-Project/SoundDisplay.srcs/sources_1/new/OLED_TA.v w ]
add_files C:/Users/irvin/EE2026/EE2026-Project/SoundDisplay.srcs/sources_1/new/OLED_TA.v
update_compile_order -fileset sources_1
update_compile_order -fileset sources_1
reset_run synth_1
launch_runs impl_1 -to_step write_bitstream -jobs 4
[Mon Oct 10 21:54:19 2022] Launched synth_1...
Run output will be captured here: C:/Users/irvin/EE2026/EE2026-Project/SoundDisplay.runs/synth_1/runme.log
[Mon Oct 10 21:54:19 2022] Launched impl_1...
Run output will be captured here: C:/Users/irvin/EE2026/EE2026-Project/SoundDisplay.runs/impl_1/runme.log
reset_run synth_1
launch_runs impl_1 -to_step write_bitstream -jobs 4
[Mon Oct 10 21:56:43 2022] Launched synth_1...
Run output will be captured here: C:/Users/irvin/EE2026/EE2026-Project/SoundDisplay.runs/synth_1/runme.log
[Mon Oct 10 21:56:43 2022] Launched impl_1...
Run output will be captured here: C:/Users/irvin/EE2026/EE2026-Project/SoundDisplay.runs/impl_1/runme.log
exit
INFO: [Common 17-206] Exiting Vivado at Mon Oct 10 21:59:25 2022...
